The target system is: Generic -  - 
The host system is: Linux - 6.1.0-37-amd64 - x86_64
Compiling the C compiler identification source file "CMakeCCompilerId.c" succeeded.
Compiler: /home/pavelmatskevichiosifovich/.espressif/tools/riscv32-esp-elf/esp-14.2.0_20241119/riscv32-esp-elf/bin/riscv32-esp-elf-gcc 
Build flags: 
Id flags:  

The output was:
0
/home/pavelmatskevichiosifovich/.espressif/tools/riscv32-esp-elf/esp-14.2.0_20241119/riscv32-esp-elf/bin/../lib/gcc/riscv32-esp-elf/14.2.0/../../../../riscv32-esp-elf/bin/ld: /home/pavelmatskevichiosifovich/.espressif/tools/riscv32-esp-elf/esp-14.2.0_20241119/riscv32-esp-elf/bin/../lib/gcc/riscv32-esp-elf/14.2.0/../../../../riscv32-esp-elf/lib/libc.a(libc_a-closer.o): in function `_close_r':
/builds/idf/crosstool-NG/.build/riscv32-esp-elf/src/newlib/newlib/libc/reent/closer.c:47:(.text+0x14): warning: _close is not implemented and will always fail
/home/pavelmatskevichiosifovich/.espressif/tools/riscv32-esp-elf/esp-14.2.0_20241119/riscv32-esp-elf/bin/../lib/gcc/riscv32-esp-elf/14.2.0/../../../../riscv32-esp-elf/bin/ld: /home/pavelmatskevichiosifovich/.espressif/tools/riscv32-esp-elf/esp-14.2.0_20241119/riscv32-esp-elf/bin/../lib/gcc/riscv32-esp-elf/14.2.0/../../../../riscv32-esp-elf/lib/libc.a(libc_a-lseekr.o): in function `_lseek_r':
/builds/idf/crosstool-NG/.build/riscv32-esp-elf/src/newlib/newlib/libc/reent/lseekr.c:49:(.text+0x18): warning: _lseek is not implemented and will always fail
/home/pavelmatskevichiosifovich/.espressif/tools/riscv32-esp-elf/esp-14.2.0_20241119/riscv32-esp-elf/bin/../lib/gcc/riscv32-esp-elf/14.2.0/../../../../riscv32-esp-elf/bin/ld: /home/pavelmatskevichiosifovich/.espressif/tools/riscv32-esp-elf/esp-14.2.0_20241119/riscv32-esp-elf/bin/../lib/gcc/riscv32-esp-elf/14.2.0/../../../../riscv32-esp-elf/lib/libc.a(libc_a-readr.o): in function `_read_r':
/builds/idf/crosstool-NG/.build/riscv32-esp-elf/src/newlib/newlib/libc/reent/readr.c:49:(.text+0x18): warning: _read is not implemented and will always fail
/home/pavelmatskevichiosifovich/.espressif/tools/riscv32-esp-elf/esp-14.2.0_20241119/riscv32-esp-elf/bin/../lib/gcc/riscv32-esp-elf/14.2.0/../../../../riscv32-esp-elf/bin/ld: /home/pavelmatskevichiosifovich/.espressif/tools/riscv32-esp-elf/esp-14.2.0_20241119/riscv32-esp-elf/bin/../lib/gcc/riscv32-esp-elf/14.2.0/../../../../riscv32-esp-elf/lib/libc.a(libc_a-writer.o): in function `_write_r':
/builds/idf/crosstool-NG/.build/riscv32-esp-elf/src/newlib/newlib/libc/reent/writer.c:49:(.text+0x18): warning: _write is not implemented and will always fail
/home/pavelmatskevichiosifovich/.espressif/tools/riscv32-esp-elf/esp-14.2.0_20241119/riscv32-esp-elf/bin/../lib/gcc/riscv32-esp-elf/14.2.0/../../../../riscv32-esp-elf/bin/ld: /home/pavelmatskevichiosifovich/.espressif/tools/riscv32-esp-elf/esp-14.2.0_20241119/riscv32-esp-elf/bin/../lib/gcc/riscv32-esp-elf/14.2.0/../../../../riscv32-esp-elf/lib/libc.a(libc_a-fclose.o): in function `fclose':
/builds/idf/crosstool-NG/.build/riscv32-esp-elf/src/newlib/newlib/libc/stdio/fclose.c:125:(.text+0xf4): warning: __getreent is not implemented and will always fail


Compilation of the C compiler identification source "CMakeCCompilerId.c" produced "a.out"

The C compiler identification is GNU, found in "/home/pavelmatskevichiosifovich/Документы/PlatformIO/Projects/esp32c6/build/bootloader/CMakeFiles/3.25.1/CompilerIdC/a.out"

Compiling the CXX compiler identification source file "CMakeCXXCompilerId.cpp" succeeded.
Compiler: /home/pavelmatskevichiosifovich/.espressif/tools/riscv32-esp-elf/esp-14.2.0_20241119/riscv32-esp-elf/bin/riscv32-esp-elf-g++ 
Build flags: -march=rv32imac_zicsr_zifencei;
Id flags:  

The output was:
0
/home/pavelmatskevichiosifovich/.espressif/tools/riscv32-esp-elf/esp-14.2.0_20241119/riscv32-esp-elf/bin/../lib/gcc/riscv32-esp-elf/14.2.0/../../../../riscv32-esp-elf/bin/ld: /home/pavelmatskevichiosifovich/.espressif/tools/riscv32-esp-elf/esp-14.2.0_20241119/riscv32-esp-elf/bin/../lib/gcc/riscv32-esp-elf/14.2.0/../../../../riscv32-esp-elf/lib/rv32imac_zicsr_zifencei/ilp32/libc.a(libc_a-closer.o): in function `_close_r':
/builds/idf/crosstool-NG/.build/riscv32-esp-elf/src/newlib/newlib/libc/reent/closer.c:47:(.text+0x14): warning: _close is not implemented and will always fail
/home/pavelmatskevichiosifovich/.espressif/tools/riscv32-esp-elf/esp-14.2.0_20241119/riscv32-esp-elf/bin/../lib/gcc/riscv32-esp-elf/14.2.0/../../../../riscv32-esp-elf/bin/ld: /home/pavelmatskevichiosifovich/.espressif/tools/riscv32-esp-elf/esp-14.2.0_20241119/riscv32-esp-elf/bin/../lib/gcc/riscv32-esp-elf/14.2.0/../../../../riscv32-esp-elf/lib/rv32imac_zicsr_zifencei/ilp32/libc.a(libc_a-lseekr.o): in function `_lseek_r':
/builds/idf/crosstool-NG/.build/riscv32-esp-elf/src/newlib/newlib/libc/reent/lseekr.c:49:(.text+0x18): warning: _lseek is not implemented and will always fail
/home/pavelmatskevichiosifovich/.espressif/tools/riscv32-esp-elf/esp-14.2.0_20241119/riscv32-esp-elf/bin/../lib/gcc/riscv32-esp-elf/14.2.0/../../../../riscv32-esp-elf/bin/ld: /home/pavelmatskevichiosifovich/.espressif/tools/riscv32-esp-elf/esp-14.2.0_20241119/riscv32-esp-elf/bin/../lib/gcc/riscv32-esp-elf/14.2.0/../../../../riscv32-esp-elf/lib/rv32imac_zicsr_zifencei/ilp32/libc.a(libc_a-readr.o): in function `_read_r':
/builds/idf/crosstool-NG/.build/riscv32-esp-elf/src/newlib/newlib/libc/reent/readr.c:49:(.text+0x18): warning: _read is not implemented and will always fail
/home/pavelmatskevichiosifovich/.espressif/tools/riscv32-esp-elf/esp-14.2.0_20241119/riscv32-esp-elf/bin/../lib/gcc/riscv32-esp-elf/14.2.0/../../../../riscv32-esp-elf/bin/ld: /home/pavelmatskevichiosifovich/.espressif/tools/riscv32-esp-elf/esp-14.2.0_20241119/riscv32-esp-elf/bin/../lib/gcc/riscv32-esp-elf/14.2.0/../../../../riscv32-esp-elf/lib/rv32imac_zicsr_zifencei/ilp32/libc.a(libc_a-writer.o): in function `_write_r':
/builds/idf/crosstool-NG/.build/riscv32-esp-elf/src/newlib/newlib/libc/reent/writer.c:49:(.text+0x18): warning: _write is not implemented and will always fail
/home/pavelmatskevichiosifovich/.espressif/tools/riscv32-esp-elf/esp-14.2.0_20241119/riscv32-esp-elf/bin/../lib/gcc/riscv32-esp-elf/14.2.0/../../../../riscv32-esp-elf/bin/ld: /home/pavelmatskevichiosifovich/.espressif/tools/riscv32-esp-elf/esp-14.2.0_20241119/riscv32-esp-elf/bin/../lib/gcc/riscv32-esp-elf/14.2.0/../../../../riscv32-esp-elf/lib/rv32imac_zicsr_zifencei/ilp32/libc.a(libc_a-fclose.o): in function `fclose':
/builds/idf/crosstool-NG/.build/riscv32-esp-elf/src/newlib/newlib/libc/stdio/fclose.c:125:(.text+0xf4): warning: __getreent is not implemented and will always fail


Compilation of the CXX compiler identification source "CMakeCXXCompilerId.cpp" produced "a.out"

The CXX compiler identification is GNU, found in "/home/pavelmatskevichiosifovich/Документы/PlatformIO/Projects/esp32c6/build/bootloader/CMakeFiles/3.25.1/CompilerIdCXX/a.out"

Checking whether the ASM compiler is GNU using "--version" matched "(GNU assembler)|(GCC)|(Free Software Foundation)":
riscv32-esp-elf-gcc (crosstool-NG esp-14.2.0_20241119) 14.2.0
Copyright (C) 2024 Free Software Foundation, Inc.
This is free software; see the source for copying conditions.  There is NO
warranty; not even for MERCHANTABILITY or FITNESS FOR A PARTICULAR PURPOSE.

Detecting C compiler ABI info compiled with the following output:
Change Dir: /home/pavelmatskevichiosifovich/Документы/PlatformIO/Projects/esp32c6/build/bootloader/CMakeFiles/CMakeScratch/TryCompile-etSOf4

Run Build Command(s):/usr/bin/ninja cmTC_f6641 && [1/2] Building C object CMakeFiles/cmTC_f6641.dir/CMakeCCompilerABI.c.obj
Using built-in specs.
COLLECT_GCC=/home/pavelmatskevichiosifovich/.espressif/tools/riscv32-esp-elf/esp-14.2.0_20241119/riscv32-esp-elf/bin/riscv32-esp-elf-gcc
Target: riscv32-esp-elf
Configured with: /builds/idf/crosstool-NG/.build/riscv32-esp-elf/src/gcc/configure --build=x86_64-build_pc-linux-gnu --host=x86_64-build_pc-linux-gnu --target=riscv32-esp-elf --prefix=/builds/idf/crosstool-NG/builds/riscv32-esp-elf --exec_prefix=/builds/idf/crosstool-NG/builds/riscv32-esp-elf --with-local-prefix=/builds/idf/crosstool-NG/builds/riscv32-esp-elf/riscv32-esp-elf --with-sysroot=/builds/idf/crosstool-NG/builds/riscv32-esp-elf/riscv32-esp-elf --with-native-system-header-dir=/include --with-newlib --enable-threads=no --disable-shared --with-arch=rv32gc --with-abi=ilp32 --with-pkgversion='crosstool-NG esp-14.2.0_20241119' --disable-__cxa_atexit --enable-cxx-flags=-ffunction-sections --disable-libgomp --disable-libmudflap --disable-libmpx --disable-libssp --disable-libquadmath --disable-libquadmath-support --disable-libstdcxx-verbose --with-gmp=/builds/idf/crosstool-NG/.build/riscv32-esp-elf/buildtools --with-mpfr=/builds/idf/crosstool-NG/.build/riscv32-esp-elf/buildtools --with-mpc=/builds/idf/crosstool-NG/.build/riscv32-esp-elf/buildtools --with-isl=/builds/idf/crosstool-NG/.build/riscv32-esp-elf/buildtools --enable-lto --enable-target-optspace --without-long-double-128 --disable-nls --enable-multiarch --enable-languages=c,c++ --disable-libstdcxx-verbose --enable-threads=posix --enable-gcov-custom-rtio --enable-libstdcxx-time=yes
Thread model: posix
Supported LTO compression algorithms: zlib zstd
gcc version 14.2.0 (crosstool-NG esp-14.2.0_20241119) 
COLLECT_GCC_OPTIONS='-v' '-o' 'CMakeFiles/cmTC_f6641.dir/CMakeCCompilerABI.c.obj' '-c' '-march=rv32imafdc_zicsr_zifencei' '-mabi=ilp32' '-misa-spec=20191213' '-march=rv32imafdc_zicsr_zifencei' '-dumpdir' 'CMakeFiles/cmTC_f6641.dir/'
 /home/pavelmatskevichiosifovich/.espressif/tools/riscv32-esp-elf/esp-14.2.0_20241119/riscv32-esp-elf/bin/../libexec/gcc/riscv32-esp-elf/14.2.0/cc1 -quiet -v -imultilib . -iprefix /home/pavelmatskevichiosifovich/.espressif/tools/riscv32-esp-elf/esp-14.2.0_20241119/riscv32-esp-elf/bin/../lib/gcc/riscv32-esp-elf/14.2.0/ -isysroot /home/pavelmatskevichiosifovich/.espressif/tools/riscv32-esp-elf/esp-14.2.0_20241119/riscv32-esp-elf/bin/../riscv32-esp-elf /usr/share/cmake-3.25/Modules/CMakeCCompilerABI.c -quiet -dumpdir CMakeFiles/cmTC_f6641.dir/ -dumpbase CMakeCCompilerABI.c.c -dumpbase-ext .c -march=rv32imafdc_zicsr_zifencei -mabi=ilp32 -misa-spec=20191213 -march=rv32imafdc_zicsr_zifencei -version -o /tmp/ccrQDk3j.s
GNU C17 (crosstool-NG esp-14.2.0_20241119) version 14.2.0 (riscv32-esp-elf)
	compiled by GNU C version 4.9.2, GMP version 6.2.1, MPFR version 4.2.1, MPC version 1.2.1, isl version isl-0.26-GMP

GGC heuristics: --param ggc-min-expand=100 --param ggc-min-heapsize=131072
ignoring duplicate directory "/home/pavelmatskevichiosifovich/.espressif/tools/riscv32-esp-elf/esp-14.2.0_20241119/riscv32-esp-elf/bin/../lib/gcc/../../lib/gcc/riscv32-esp-elf/14.2.0/include"
ignoring nonexistent directory "/home/pavelmatskevichiosifovich/.espressif/tools/riscv32-esp-elf/esp-14.2.0_20241119/riscv32-esp-elf/bin/../riscv32-esp-elf/builds/idf/crosstool-NG/builds/riscv32-esp-elf/riscv32-esp-elf/include"
ignoring duplicate directory "/home/pavelmatskevichiosifovich/.espressif/tools/riscv32-esp-elf/esp-14.2.0_20241119/riscv32-esp-elf/bin/../lib/gcc/../../lib/gcc/riscv32-esp-elf/14.2.0/include-fixed"
ignoring duplicate directory "/home/pavelmatskevichiosifovich/.espressif/tools/riscv32-esp-elf/esp-14.2.0_20241119/riscv32-esp-elf/bin/../lib/gcc/../../lib/gcc/riscv32-esp-elf/14.2.0/../../../../riscv32-esp-elf/include"
ignoring duplicate directory "/home/pavelmatskevichiosifovich/.espressif/tools/riscv32-esp-elf/esp-14.2.0_20241119/riscv32-esp-elf/bin/../riscv32-esp-elf/include"
#include "..." search starts here:
#include <...> search starts here:
 /home/pavelmatskevichiosifovich/.espressif/tools/riscv32-esp-elf/esp-14.2.0_20241119/riscv32-esp-elf/bin/../lib/gcc/riscv32-esp-elf/14.2.0/include
 /home/pavelmatskevichiosifovich/.espressif/tools/riscv32-esp-elf/esp-14.2.0_20241119/riscv32-esp-elf/bin/../lib/gcc/riscv32-esp-elf/14.2.0/include-fixed
 /home/pavelmatskevichiosifovich/.espressif/tools/riscv32-esp-elf/esp-14.2.0_20241119/riscv32-esp-elf/bin/../lib/gcc/riscv32-esp-elf/14.2.0/../../../../riscv32-esp-elf/include
End of search list.
Compiler executable checksum: 2abae7216a6a1e12430968a738fec0e0
COLLECT_GCC_OPTIONS='-v' '-o' 'CMakeFiles/cmTC_f6641.dir/CMakeCCompilerABI.c.obj' '-c' '-march=rv32imafdc_zicsr_zifencei' '-mabi=ilp32' '-misa-spec=20191213' '-march=rv32imafdc_zicsr_zifencei' '-dumpdir' 'CMakeFiles/cmTC_f6641.dir/'
 /home/pavelmatskevichiosifovich/.espressif/tools/riscv32-esp-elf/esp-14.2.0_20241119/riscv32-esp-elf/bin/../lib/gcc/riscv32-esp-elf/14.2.0/../../../../riscv32-esp-elf/bin/as -v --traditional-format -march=rv32imafdc_zicsr_zifencei -march=rv32imafdc_zicsr_zifencei -mabi=ilp32 -misa-spec=20191213 -o CMakeFiles/cmTC_f6641.dir/CMakeCCompilerABI.c.obj /tmp/ccrQDk3j.s
GNU assembler version 2.43.1 (riscv32-esp-elf) using BFD version (crosstool-NG esp-14.2.0_20241119) 2.43.1
COMPILER_PATH=/home/pavelmatskevichiosifovich/.espressif/tools/riscv32-esp-elf/esp-14.2.0_20241119/riscv32-esp-elf/bin/../libexec/gcc/riscv32-esp-elf/14.2.0/:/home/pavelmatskevichiosifovich/.espressif/tools/riscv32-esp-elf/esp-14.2.0_20241119/riscv32-esp-elf/bin/../libexec/gcc/:/home/pavelmatskevichiosifovich/.espressif/tools/riscv32-esp-elf/esp-14.2.0_20241119/riscv32-esp-elf/bin/../lib/gcc/riscv32-esp-elf/14.2.0/../../../../riscv32-esp-elf/bin/
LIBRARY_PATH=/home/pavelmatskevichiosifovich/.espressif/tools/riscv32-esp-elf/esp-14.2.0_20241119/riscv32-esp-elf/bin/../lib/gcc/riscv32-esp-elf/14.2.0/:/home/pavelmatskevichiosifovich/.espressif/tools/riscv32-esp-elf/esp-14.2.0_20241119/riscv32-esp-elf/bin/../lib/gcc/:/home/pavelmatskevichiosifovich/.espressif/tools/riscv32-esp-elf/esp-14.2.0_20241119/riscv32-esp-elf/bin/../lib/gcc/riscv32-esp-elf/14.2.0/../../../../riscv32-esp-elf/lib/:/home/pavelmatskevichiosifovich/.espressif/tools/riscv32-esp-elf/esp-14.2.0_20241119/riscv32-esp-elf/bin/../riscv32-esp-elf/lib/:/home/pavelmatskevichiosifovich/.espressif/tools/riscv32-esp-elf/esp-14.2.0_20241119/riscv32-esp-elf/bin/../riscv32-esp-elf/usr/lib/
COLLECT_GCC_OPTIONS='-v' '-o' 'CMakeFiles/cmTC_f6641.dir/CMakeCCompilerABI.c.obj' '-c' '-march=rv32imafdc_zicsr_zifencei' '-mabi=ilp32' '-misa-spec=20191213' '-march=rv32imafdc_zicsr_zifencei' '-dumpdir' 'CMakeFiles/cmTC_f6641.dir/CMakeCCompilerABI.c.'
[2/2] Linking C executable cmTC_f6641
Using built-in specs.
Reading specs from /home/pavelmatskevichiosifovich/.espressif/tools/riscv32-esp-elf/esp-14.2.0_20241119/riscv32-esp-elf/bin/../lib/gcc/riscv32-esp-elf/14.2.0/../../../../riscv32-esp-elf/lib/nosys.specs
rename spec link_gcc_c_sequence to nosys_link_gcc_c_sequence
COLLECT_GCC=/home/pavelmatskevichiosifovich/.espressif/tools/riscv32-esp-elf/esp-14.2.0_20241119/riscv32-esp-elf/bin/riscv32-esp-elf-gcc
COLLECT_LTO_WRAPPER=/home/pavelmatskevichiosifovich/.espressif/tools/riscv32-esp-elf/esp-14.2.0_20241119/riscv32-esp-elf/bin/../libexec/gcc/riscv32-esp-elf/14.2.0/lto-wrapper
Target: riscv32-esp-elf
Configured with: /builds/idf/crosstool-NG/.build/riscv32-esp-elf/src/gcc/configure --build=x86_64-build_pc-linux-gnu --host=x86_64-build_pc-linux-gnu --target=riscv32-esp-elf --prefix=/builds/idf/crosstool-NG/builds/riscv32-esp-elf --exec_prefix=/builds/idf/crosstool-NG/builds/riscv32-esp-elf --with-local-prefix=/builds/idf/crosstool-NG/builds/riscv32-esp-elf/riscv32-esp-elf --with-sysroot=/builds/idf/crosstool-NG/builds/riscv32-esp-elf/riscv32-esp-elf --with-native-system-header-dir=/include --with-newlib --enable-threads=no --disable-shared --with-arch=rv32gc --with-abi=ilp32 --with-pkgversion='crosstool-NG esp-14.2.0_20241119' --disable-__cxa_atexit --enable-cxx-flags=-ffunction-sections --disable-libgomp --disable-libmudflap --disable-libmpx --disable-libssp --disable-libquadmath --disable-libquadmath-support --disable-libstdcxx-verbose --with-gmp=/builds/idf/crosstool-NG/.build/riscv32-esp-elf/buildtools --with-mpfr=/builds/idf/crosstool-NG/.build/riscv32-esp-elf/buildtools --with-mpc=/builds/idf/crosstool-NG/.build/riscv32-esp-elf/buildtools --with-isl=/builds/idf/crosstool-NG/.build/riscv32-esp-elf/buildtools --enable-lto --enable-target-optspace --without-long-double-128 --disable-nls --enable-multiarch --enable-languages=c,c++ --disable-libstdcxx-verbose --enable-threads=posix --enable-gcov-custom-rtio --enable-libstdcxx-time=yes
Thread model: posix
Supported LTO compression algorithms: zlib zstd
gcc version 14.2.0 (crosstool-NG esp-14.2.0_20241119) 
COMPILER_PATH=/home/pavelmatskevichiosifovich/.espressif/tools/riscv32-esp-elf/esp-14.2.0_20241119/riscv32-esp-elf/bin/../libexec/gcc/riscv32-esp-elf/14.2.0/:/home/pavelmatskevichiosifovich/.espressif/tools/riscv32-esp-elf/esp-14.2.0_20241119/riscv32-esp-elf/bin/../libexec/gcc/:/home/pavelmatskevichiosifovich/.espressif/tools/riscv32-esp-elf/esp-14.2.0_20241119/riscv32-esp-elf/bin/../lib/gcc/riscv32-esp-elf/14.2.0/../../../../riscv32-esp-elf/bin/
LIBRARY_PATH=/home/pavelmatskevichiosifovich/.espressif/tools/riscv32-esp-elf/esp-14.2.0_20241119/riscv32-esp-elf/bin/../lib/gcc/riscv32-esp-elf/14.2.0/rv32imac_zicsr_zifencei/ilp32/:/home/pavelmatskevichiosifovich/.espressif/tools/riscv32-esp-elf/esp-14.2.0_20241119/riscv32-esp-elf/bin/../lib/gcc/riscv32-esp-elf/14.2.0/../../../../riscv32-esp-elf/lib/rv32imac_zicsr_zifencei/ilp32/:/home/pavelmatskevichiosifovich/.espressif/tools/riscv32-esp-elf/esp-14.2.0_20241119/riscv32-esp-elf/bin/../riscv32-esp-elf/lib/rv32imac_zicsr_zifencei/ilp32/:/home/pavelmatskevichiosifovich/.espressif/tools/riscv32-esp-elf/esp-14.2.0_20241119/riscv32-esp-elf/bin/../lib/gcc/riscv32-esp-elf/14.2.0/:/home/pavelmatskevichiosifovich/.espressif/tools/riscv32-esp-elf/esp-14.2.0_20241119/riscv32-esp-elf/bin/../lib/gcc/:/home/pavelmatskevichiosifovich/.espressif/tools/riscv32-esp-elf/esp-14.2.0_20241119/riscv32-esp-elf/bin/../lib/gcc/riscv32-esp-elf/14.2.0/../../../../riscv32-esp-elf/lib/:/home/pavelmatskevichiosifovich/.espressif/tools/riscv32-esp-elf/esp-14.2.0_20241119/riscv32-esp-elf/bin/../riscv32-esp-elf/lib/:/home/pavelmatskevichiosifovich/.espressif/tools/riscv32-esp-elf/esp-14.2.0_20241119/riscv32-esp-elf/bin/../riscv32-esp-elf/usr/lib/
COLLECT_GCC_OPTIONS='-nostartfiles' '-march=rv32imac_zicsr_zifencei' '-specs=nosys.specs' '-v' '-o' 'cmTC_f6641' '-mabi=ilp32' '-misa-spec=20191213' '-march=rv32imac_zicsr_zifencei' '-dumpdir' 'cmTC_f6641.'
 /home/pavelmatskevichiosifovich/.espressif/tools/riscv32-esp-elf/esp-14.2.0_20241119/riscv32-esp-elf/bin/../libexec/gcc/riscv32-esp-elf/14.2.0/collect2 -plugin /home/pavelmatskevichiosifovich/.espressif/tools/riscv32-esp-elf/esp-14.2.0_20241119/riscv32-esp-elf/bin/../libexec/gcc/riscv32-esp-elf/14.2.0/liblto_plugin.so -plugin-opt=/home/pavelmatskevichiosifovich/.espressif/tools/riscv32-esp-elf/esp-14.2.0_20241119/riscv32-esp-elf/bin/../libexec/gcc/riscv32-esp-elf/14.2.0/lto-wrapper -plugin-opt=-fresolution=/tmp/cc24jFe5.res -plugin-opt=-pass-through=-lgcc -plugin-opt=-pass-through=-lc -plugin-opt=-pass-through=-lnosys -plugin-opt=-pass-through=-lc -plugin-opt=-pass-through=-lgcc -plugin-opt=-pass-through=-lgcc -plugin-opt=-pass-through=-lc -plugin-opt=-pass-through=-lnosys --sysroot=/home/pavelmatskevichiosifovich/.espressif/tools/riscv32-esp-elf/esp-14.2.0_20241119/riscv32-esp-elf/bin/../riscv32-esp-elf -melf32lriscv -X -o cmTC_f6641 -L/home/pavelmatskevichiosifovich/.espressif/tools/riscv32-esp-elf/esp-14.2.0_20241119/riscv32-esp-elf/bin/../lib/gcc/riscv32-esp-elf/14.2.0/rv32imac_zicsr_zifencei/ilp32 -L/home/pavelmatskevichiosifovich/.espressif/tools/riscv32-esp-elf/esp-14.2.0_20241119/riscv32-esp-elf/bin/../lib/gcc/riscv32-esp-elf/14.2.0/../../../../riscv32-esp-elf/lib/rv32imac_zicsr_zifencei/ilp32 -L/home/pavelmatskevichiosifovich/.espressif/tools/riscv32-esp-elf/esp-14.2.0_20241119/riscv32-esp-elf/bin/../riscv32-esp-elf/lib/rv32imac_zicsr_zifencei/ilp32 -L/home/pavelmatskevichiosifovich/.espressif/tools/riscv32-esp-elf/esp-14.2.0_20241119/riscv32-esp-elf/bin/../lib/gcc/riscv32-esp-elf/14.2.0 -L/home/pavelmatskevichiosifovich/.espressif/tools/riscv32-esp-elf/esp-14.2.0_20241119/riscv32-esp-elf/bin/../lib/gcc -L/home/pavelmatskevichiosifovich/.espressif/tools/riscv32-esp-elf/esp-14.2.0_20241119/riscv32-esp-elf/bin/../lib/gcc/riscv32-esp-elf/14.2.0/../../../../riscv32-esp-elf/lib -L/home/pavelmatskevichiosifovich/.espressif/tools/riscv32-esp-elf/esp-14.2.0_20241119/riscv32-esp-elf/bin/../riscv32-esp-elf/lib -L/home/pavelmatskevichiosifovich/.espressif/tools/riscv32-esp-elf/esp-14.2.0_20241119/riscv32-esp-elf/bin/../riscv32-esp-elf/usr/lib CMakeFiles/cmTC_f6641.dir/CMakeCCompilerABI.c.obj -lgcc -lc -lnosys -lc -lgcc --start-group -lgcc -lc -lnosys --end-group
/home/pavelmatskevichiosifovich/.espressif/tools/riscv32-esp-elf/esp-14.2.0_20241119/riscv32-esp-elf/bin/../lib/gcc/riscv32-esp-elf/14.2.0/../../../../riscv32-esp-elf/bin/ld: warning: cannot find entry symbol _start; defaulting to 00010094
COLLECT_GCC_OPTIONS='-nostartfiles' '-march=rv32imac_zicsr_zifencei' '-specs=nosys.specs' '-v' '-o' 'cmTC_f6641' '-mabi=ilp32' '-misa-spec=20191213' '-march=rv32imac_zicsr_zifencei' '-dumpdir' 'cmTC_f6641.'



Parsed C implicit include dir info from above output: rv=done
  found start of include info
  found start of implicit include info
    add: [/home/pavelmatskevichiosifovich/.espressif/tools/riscv32-esp-elf/esp-14.2.0_20241119/riscv32-esp-elf/bin/../lib/gcc/riscv32-esp-elf/14.2.0/include]
    add: [/home/pavelmatskevichiosifovich/.espressif/tools/riscv32-esp-elf/esp-14.2.0_20241119/riscv32-esp-elf/bin/../lib/gcc/riscv32-esp-elf/14.2.0/include-fixed]
    add: [/home/pavelmatskevichiosifovich/.espressif/tools/riscv32-esp-elf/esp-14.2.0_20241119/riscv32-esp-elf/bin/../lib/gcc/riscv32-esp-elf/14.2.0/../../../../riscv32-esp-elf/include]
  end of search list found
  collapse include dir [/home/pavelmatskevichiosifovich/.espressif/tools/riscv32-esp-elf/esp-14.2.0_20241119/riscv32-esp-elf/bin/../lib/gcc/riscv32-esp-elf/14.2.0/include] ==> [/home/pavelmatskevichiosifovich/.espressif/tools/riscv32-esp-elf/esp-14.2.0_20241119/riscv32-esp-elf/lib/gcc/riscv32-esp-elf/14.2.0/include]
  collapse include dir [/home/pavelmatskevichiosifovich/.espressif/tools/riscv32-esp-elf/esp-14.2.0_20241119/riscv32-esp-elf/bin/../lib/gcc/riscv32-esp-elf/14.2.0/include-fixed] ==> [/home/pavelmatskevichiosifovich/.espressif/tools/riscv32-esp-elf/esp-14.2.0_20241119/riscv32-esp-elf/lib/gcc/riscv32-esp-elf/14.2.0/include-fixed]
  collapse include dir [/home/pavelmatskevichiosifovich/.espressif/tools/riscv32-esp-elf/esp-14.2.0_20241119/riscv32-esp-elf/bin/../lib/gcc/riscv32-esp-elf/14.2.0/../../../../riscv32-esp-elf/include] ==> [/home/pavelmatskevichiosifovich/.espressif/tools/riscv32-esp-elf/esp-14.2.0_20241119/riscv32-esp-elf/riscv32-esp-elf/include]
  implicit include dirs: [/home/pavelmatskevichiosifovich/.espressif/tools/riscv32-esp-elf/esp-14.2.0_20241119/riscv32-esp-elf/lib/gcc/riscv32-esp-elf/14.2.0/include;/home/pavelmatskevichiosifovich/.espressif/tools/riscv32-esp-elf/esp-14.2.0_20241119/riscv32-esp-elf/lib/gcc/riscv32-esp-elf/14.2.0/include-fixed;/home/pavelmatskevichiosifovich/.espressif/tools/riscv32-esp-elf/esp-14.2.0_20241119/riscv32-esp-elf/riscv32-esp-elf/include]


Parsed C implicit link information from above output:
  link line regex: [^( *|.*[/\])(riscv32-esp-elf-ld|CMAKE_LINK_STARTFILE-NOTFOUND|([^/\]+-)?ld|collect2)[^/\]*( |$)]
  ignore line: [Change Dir: /home/pavelmatskevichiosifovich/Документы/PlatformIO/Projects/esp32c6/build/bootloader/CMakeFiles/CMakeScratch/TryCompile-etSOf4]
  ignore line: []
  ignore line: [Run Build Command(s):/usr/bin/ninja cmTC_f6641 && [1/2] Building C object CMakeFiles/cmTC_f6641.dir/CMakeCCompilerABI.c.obj]
  ignore line: [Using built-in specs.]
  ignore line: [COLLECT_GCC=/home/pavelmatskevichiosifovich/.espressif/tools/riscv32-esp-elf/esp-14.2.0_20241119/riscv32-esp-elf/bin/riscv32-esp-elf-gcc]
  ignore line: [Target: riscv32-esp-elf]
  ignore line: [Configured with: /builds/idf/crosstool-NG/.build/riscv32-esp-elf/src/gcc/configure --build=x86_64-build_pc-linux-gnu --host=x86_64-build_pc-linux-gnu --target=riscv32-esp-elf --prefix=/builds/idf/crosstool-NG/builds/riscv32-esp-elf --exec_prefix=/builds/idf/crosstool-NG/builds/riscv32-esp-elf --with-local-prefix=/builds/idf/crosstool-NG/builds/riscv32-esp-elf/riscv32-esp-elf --with-sysroot=/builds/idf/crosstool-NG/builds/riscv32-esp-elf/riscv32-esp-elf --with-native-system-header-dir=/include --with-newlib --enable-threads=no --disable-shared --with-arch=rv32gc --with-abi=ilp32 --with-pkgversion='crosstool-NG esp-14.2.0_20241119' --disable-__cxa_atexit --enable-cxx-flags=-ffunction-sections --disable-libgomp --disable-libmudflap --disable-libmpx --disable-libssp --disable-libquadmath --disable-libquadmath-support --disable-libstdcxx-verbose --with-gmp=/builds/idf/crosstool-NG/.build/riscv32-esp-elf/buildtools --with-mpfr=/builds/idf/crosstool-NG/.build/riscv32-esp-elf/buildtools --with-mpc=/builds/idf/crosstool-NG/.build/riscv32-esp-elf/buildtools --with-isl=/builds/idf/crosstool-NG/.build/riscv32-esp-elf/buildtools --enable-lto --enable-target-optspace --without-long-double-128 --disable-nls --enable-multiarch --enable-languages=c c++ --disable-libstdcxx-verbose --enable-threads=posix --enable-gcov-custom-rtio --enable-libstdcxx-time=yes]
  ignore line: [Thread model: posix]
  ignore line: [Supported LTO compression algorithms: zlib zstd]
  ignore line: [gcc version 14.2.0 (crosstool-NG esp-14.2.0_20241119) ]
  ignore line: [COLLECT_GCC_OPTIONS='-v' '-o' 'CMakeFiles/cmTC_f6641.dir/CMakeCCompilerABI.c.obj' '-c' '-march=rv32imafdc_zicsr_zifencei' '-mabi=ilp32' '-misa-spec=20191213' '-march=rv32imafdc_zicsr_zifencei' '-dumpdir' 'CMakeFiles/cmTC_f6641.dir/']
  ignore line: [ /home/pavelmatskevichiosifovich/.espressif/tools/riscv32-esp-elf/esp-14.2.0_20241119/riscv32-esp-elf/bin/../libexec/gcc/riscv32-esp-elf/14.2.0/cc1 -quiet -v -imultilib . -iprefix /home/pavelmatskevichiosifovich/.espressif/tools/riscv32-esp-elf/esp-14.2.0_20241119/riscv32-esp-elf/bin/../lib/gcc/riscv32-esp-elf/14.2.0/ -isysroot /home/pavelmatskevichiosifovich/.espressif/tools/riscv32-esp-elf/esp-14.2.0_20241119/riscv32-esp-elf/bin/../riscv32-esp-elf /usr/share/cmake-3.25/Modules/CMakeCCompilerABI.c -quiet -dumpdir CMakeFiles/cmTC_f6641.dir/ -dumpbase CMakeCCompilerABI.c.c -dumpbase-ext .c -march=rv32imafdc_zicsr_zifencei -mabi=ilp32 -misa-spec=20191213 -march=rv32imafdc_zicsr_zifencei -version -o /tmp/ccrQDk3j.s]
  ignore line: [GNU C17 (crosstool-NG esp-14.2.0_20241119) version 14.2.0 (riscv32-esp-elf)]
  ignore line: [	compiled by GNU C version 4.9.2  GMP version 6.2.1  MPFR version 4.2.1  MPC version 1.2.1  isl version isl-0.26-GMP]
  ignore line: []
  ignore line: [GGC heuristics: --param ggc-min-expand=100 --param ggc-min-heapsize=131072]
  ignore line: [ignoring duplicate directory "/home/pavelmatskevichiosifovich/.espressif/tools/riscv32-esp-elf/esp-14.2.0_20241119/riscv32-esp-elf/bin/../lib/gcc/../../lib/gcc/riscv32-esp-elf/14.2.0/include"]
  ignore line: [ignoring nonexistent directory "/home/pavelmatskevichiosifovich/.espressif/tools/riscv32-esp-elf/esp-14.2.0_20241119/riscv32-esp-elf/bin/../riscv32-esp-elf/builds/idf/crosstool-NG/builds/riscv32-esp-elf/riscv32-esp-elf/include"]
  ignore line: [ignoring duplicate directory "/home/pavelmatskevichiosifovich/.espressif/tools/riscv32-esp-elf/esp-14.2.0_20241119/riscv32-esp-elf/bin/../lib/gcc/../../lib/gcc/riscv32-esp-elf/14.2.0/include-fixed"]
  ignore line: [ignoring duplicate directory "/home/pavelmatskevichiosifovich/.espressif/tools/riscv32-esp-elf/esp-14.2.0_20241119/riscv32-esp-elf/bin/../lib/gcc/../../lib/gcc/riscv32-esp-elf/14.2.0/../../../../riscv32-esp-elf/include"]
  ignore line: [ignoring duplicate directory "/home/pavelmatskevichiosifovich/.espressif/tools/riscv32-esp-elf/esp-14.2.0_20241119/riscv32-esp-elf/bin/../riscv32-esp-elf/include"]
  ignore line: [#include "..." search starts here:]
  ignore line: [#include <...> search starts here:]
  ignore line: [ /home/pavelmatskevichiosifovich/.espressif/tools/riscv32-esp-elf/esp-14.2.0_20241119/riscv32-esp-elf/bin/../lib/gcc/riscv32-esp-elf/14.2.0/include]
  ignore line: [ /home/pavelmatskevichiosifovich/.espressif/tools/riscv32-esp-elf/esp-14.2.0_20241119/riscv32-esp-elf/bin/../lib/gcc/riscv32-esp-elf/14.2.0/include-fixed]
  ignore line: [ /home/pavelmatskevichiosifovich/.espressif/tools/riscv32-esp-elf/esp-14.2.0_20241119/riscv32-esp-elf/bin/../lib/gcc/riscv32-esp-elf/14.2.0/../../../../riscv32-esp-elf/include]
  ignore line: [End of search list.]
  ignore line: [Compiler executable checksum: 2abae7216a6a1e12430968a738fec0e0]
  ignore line: [COLLECT_GCC_OPTIONS='-v' '-o' 'CMakeFiles/cmTC_f6641.dir/CMakeCCompilerABI.c.obj' '-c' '-march=rv32imafdc_zicsr_zifencei' '-mabi=ilp32' '-misa-spec=20191213' '-march=rv32imafdc_zicsr_zifencei' '-dumpdir' 'CMakeFiles/cmTC_f6641.dir/']
  ignore line: [ /home/pavelmatskevichiosifovich/.espressif/tools/riscv32-esp-elf/esp-14.2.0_20241119/riscv32-esp-elf/bin/../lib/gcc/riscv32-esp-elf/14.2.0/../../../../riscv32-esp-elf/bin/as -v --traditional-format -march=rv32imafdc_zicsr_zifencei -march=rv32imafdc_zicsr_zifencei -mabi=ilp32 -misa-spec=20191213 -o CMakeFiles/cmTC_f6641.dir/CMakeCCompilerABI.c.obj /tmp/ccrQDk3j.s]
  ignore line: [GNU assembler version 2.43.1 (riscv32-esp-elf) using BFD version (crosstool-NG esp-14.2.0_20241119) 2.43.1]
  ignore line: [COMPILER_PATH=/home/pavelmatskevichiosifovich/.espressif/tools/riscv32-esp-elf/esp-14.2.0_20241119/riscv32-esp-elf/bin/../libexec/gcc/riscv32-esp-elf/14.2.0/:/home/pavelmatskevichiosifovich/.espressif/tools/riscv32-esp-elf/esp-14.2.0_20241119/riscv32-esp-elf/bin/../libexec/gcc/:/home/pavelmatskevichiosifovich/.espressif/tools/riscv32-esp-elf/esp-14.2.0_20241119/riscv32-esp-elf/bin/../lib/gcc/riscv32-esp-elf/14.2.0/../../../../riscv32-esp-elf/bin/]
  ignore line: [LIBRARY_PATH=/home/pavelmatskevichiosifovich/.espressif/tools/riscv32-esp-elf/esp-14.2.0_20241119/riscv32-esp-elf/bin/../lib/gcc/riscv32-esp-elf/14.2.0/:/home/pavelmatskevichiosifovich/.espressif/tools/riscv32-esp-elf/esp-14.2.0_20241119/riscv32-esp-elf/bin/../lib/gcc/:/home/pavelmatskevichiosifovich/.espressif/tools/riscv32-esp-elf/esp-14.2.0_20241119/riscv32-esp-elf/bin/../lib/gcc/riscv32-esp-elf/14.2.0/../../../../riscv32-esp-elf/lib/:/home/pavelmatskevichiosifovich/.espressif/tools/riscv32-esp-elf/esp-14.2.0_20241119/riscv32-esp-elf/bin/../riscv32-esp-elf/lib/:/home/pavelmatskevichiosifovich/.espressif/tools/riscv32-esp-elf/esp-14.2.0_20241119/riscv32-esp-elf/bin/../riscv32-esp-elf/usr/lib/]
  ignore line: [COLLECT_GCC_OPTIONS='-v' '-o' 'CMakeFiles/cmTC_f6641.dir/CMakeCCompilerABI.c.obj' '-c' '-march=rv32imafdc_zicsr_zifencei' '-mabi=ilp32' '-misa-spec=20191213' '-march=rv32imafdc_zicsr_zifencei' '-dumpdir' 'CMakeFiles/cmTC_f6641.dir/CMakeCCompilerABI.c.']
  ignore line: [[2/2] Linking C executable cmTC_f6641]
  ignore line: [Using built-in specs.]
  ignore line: [Reading specs from /home/pavelmatskevichiosifovich/.espressif/tools/riscv32-esp-elf/esp-14.2.0_20241119/riscv32-esp-elf/bin/../lib/gcc/riscv32-esp-elf/14.2.0/../../../../riscv32-esp-elf/lib/nosys.specs]
  ignore line: [rename spec link_gcc_c_sequence to nosys_link_gcc_c_sequence]
  ignore line: [COLLECT_GCC=/home/pavelmatskevichiosifovich/.espressif/tools/riscv32-esp-elf/esp-14.2.0_20241119/riscv32-esp-elf/bin/riscv32-esp-elf-gcc]
  ignore line: [COLLECT_LTO_WRAPPER=/home/pavelmatskevichiosifovich/.espressif/tools/riscv32-esp-elf/esp-14.2.0_20241119/riscv32-esp-elf/bin/../libexec/gcc/riscv32-esp-elf/14.2.0/lto-wrapper]
  ignore line: [Target: riscv32-esp-elf]
  ignore line: [Configured with: /builds/idf/crosstool-NG/.build/riscv32-esp-elf/src/gcc/configure --build=x86_64-build_pc-linux-gnu --host=x86_64-build_pc-linux-gnu --target=riscv32-esp-elf --prefix=/builds/idf/crosstool-NG/builds/riscv32-esp-elf --exec_prefix=/builds/idf/crosstool-NG/builds/riscv32-esp-elf --with-local-prefix=/builds/idf/crosstool-NG/builds/riscv32-esp-elf/riscv32-esp-elf --with-sysroot=/builds/idf/crosstool-NG/builds/riscv32-esp-elf/riscv32-esp-elf --with-native-system-header-dir=/include --with-newlib --enable-threads=no --disable-shared --with-arch=rv32gc --with-abi=ilp32 --with-pkgversion='crosstool-NG esp-14.2.0_20241119' --disable-__cxa_atexit --enable-cxx-flags=-ffunction-sections --disable-libgomp --disable-libmudflap --disable-libmpx --disable-libssp --disable-libquadmath --disable-libquadmath-support --disable-libstdcxx-verbose --with-gmp=/builds/idf/crosstool-NG/.build/riscv32-esp-elf/buildtools --with-mpfr=/builds/idf/crosstool-NG/.build/riscv32-esp-elf/buildtools --with-mpc=/builds/idf/crosstool-NG/.build/riscv32-esp-elf/buildtools --with-isl=/builds/idf/crosstool-NG/.build/riscv32-esp-elf/buildtools --enable-lto --enable-target-optspace --without-long-double-128 --disable-nls --enable-multiarch --enable-languages=c c++ --disable-libstdcxx-verbose --enable-threads=posix --enable-gcov-custom-rtio --enable-libstdcxx-time=yes]
  ignore line: [Thread model: posix]
  ignore line: [Supported LTO compression algorithms: zlib zstd]
  ignore line: [gcc version 14.2.0 (crosstool-NG esp-14.2.0_20241119) ]
  ignore line: [COMPILER_PATH=/home/pavelmatskevichiosifovich/.espressif/tools/riscv32-esp-elf/esp-14.2.0_20241119/riscv32-esp-elf/bin/../libexec/gcc/riscv32-esp-elf/14.2.0/:/home/pavelmatskevichiosifovich/.espressif/tools/riscv32-esp-elf/esp-14.2.0_20241119/riscv32-esp-elf/bin/../libexec/gcc/:/home/pavelmatskevichiosifovich/.espressif/tools/riscv32-esp-elf/esp-14.2.0_20241119/riscv32-esp-elf/bin/../lib/gcc/riscv32-esp-elf/14.2.0/../../../../riscv32-esp-elf/bin/]
  ignore line: [LIBRARY_PATH=/home/pavelmatskevichiosifovich/.espressif/tools/riscv32-esp-elf/esp-14.2.0_20241119/riscv32-esp-elf/bin/../lib/gcc/riscv32-esp-elf/14.2.0/rv32imac_zicsr_zifencei/ilp32/:/home/pavelmatskevichiosifovich/.espressif/tools/riscv32-esp-elf/esp-14.2.0_20241119/riscv32-esp-elf/bin/../lib/gcc/riscv32-esp-elf/14.2.0/../../../../riscv32-esp-elf/lib/rv32imac_zicsr_zifencei/ilp32/:/home/pavelmatskevichiosifovich/.espressif/tools/riscv32-esp-elf/esp-14.2.0_20241119/riscv32-esp-elf/bin/../riscv32-esp-elf/lib/rv32imac_zicsr_zifencei/ilp32/:/home/pavelmatskevichiosifovich/.espressif/tools/riscv32-esp-elf/esp-14.2.0_20241119/riscv32-esp-elf/bin/../lib/gcc/riscv32-esp-elf/14.2.0/:/home/pavelmatskevichiosifovich/.espressif/tools/riscv32-esp-elf/esp-14.2.0_20241119/riscv32-esp-elf/bin/../lib/gcc/:/home/pavelmatskevichiosifovich/.espressif/tools/riscv32-esp-elf/esp-14.2.0_20241119/riscv32-esp-elf/bin/../lib/gcc/riscv32-esp-elf/14.2.0/../../../../riscv32-esp-elf/lib/:/home/pavelmatskevichiosifovich/.espressif/tools/riscv32-esp-elf/esp-14.2.0_20241119/riscv32-esp-elf/bin/../riscv32-esp-elf/lib/:/home/pavelmatskevichiosifovich/.espressif/tools/riscv32-esp-elf/esp-14.2.0_20241119/riscv32-esp-elf/bin/../riscv32-esp-elf/usr/lib/]
  ignore line: [COLLECT_GCC_OPTIONS='-nostartfiles' '-march=rv32imac_zicsr_zifencei' '-specs=nosys.specs' '-v' '-o' 'cmTC_f6641' '-mabi=ilp32' '-misa-spec=20191213' '-march=rv32imac_zicsr_zifencei' '-dumpdir' 'cmTC_f6641.']
  link line: [ /home/pavelmatskevichiosifovich/.espressif/tools/riscv32-esp-elf/esp-14.2.0_20241119/riscv32-esp-elf/bin/../libexec/gcc/riscv32-esp-elf/14.2.0/collect2 -plugin /home/pavelmatskevichiosifovich/.espressif/tools/riscv32-esp-elf/esp-14.2.0_20241119/riscv32-esp-elf/bin/../libexec/gcc/riscv32-esp-elf/14.2.0/liblto_plugin.so -plugin-opt=/home/pavelmatskevichiosifovich/.espressif/tools/riscv32-esp-elf/esp-14.2.0_20241119/riscv32-esp-elf/bin/../libexec/gcc/riscv32-esp-elf/14.2.0/lto-wrapper -plugin-opt=-fresolution=/tmp/cc24jFe5.res -plugin-opt=-pass-through=-lgcc -plugin-opt=-pass-through=-lc -plugin-opt=-pass-through=-lnosys -plugin-opt=-pass-through=-lc -plugin-opt=-pass-through=-lgcc -plugin-opt=-pass-through=-lgcc -plugin-opt=-pass-through=-lc -plugin-opt=-pass-through=-lnosys --sysroot=/home/pavelmatskevichiosifovich/.espressif/tools/riscv32-esp-elf/esp-14.2.0_20241119/riscv32-esp-elf/bin/../riscv32-esp-elf -melf32lriscv -X -o cmTC_f6641 -L/home/pavelmatskevichiosifovich/.espressif/tools/riscv32-esp-elf/esp-14.2.0_20241119/riscv32-esp-elf/bin/../lib/gcc/riscv32-esp-elf/14.2.0/rv32imac_zicsr_zifencei/ilp32 -L/home/pavelmatskevichiosifovich/.espressif/tools/riscv32-esp-elf/esp-14.2.0_20241119/riscv32-esp-elf/bin/../lib/gcc/riscv32-esp-elf/14.2.0/../../../../riscv32-esp-elf/lib/rv32imac_zicsr_zifencei/ilp32 -L/home/pavelmatskevichiosifovich/.espressif/tools/riscv32-esp-elf/esp-14.2.0_20241119/riscv32-esp-elf/bin/../riscv32-esp-elf/lib/rv32imac_zicsr_zifencei/ilp32 -L/home/pavelmatskevichiosifovich/.espressif/tools/riscv32-esp-elf/esp-14.2.0_20241119/riscv32-esp-elf/bin/../lib/gcc/riscv32-esp-elf/14.2.0 -L/home/pavelmatskevichiosifovich/.espressif/tools/riscv32-esp-elf/esp-14.2.0_20241119/riscv32-esp-elf/bin/../lib/gcc -L/home/pavelmatskevichiosifovich/.espressif/tools/riscv32-esp-elf/esp-14.2.0_20241119/riscv32-esp-elf/bin/../lib/gcc/riscv32-esp-elf/14.2.0/../../../../riscv32-esp-elf/lib -L/home/pavelmatskevichiosifovich/.espressif/tools/riscv32-esp-elf/esp-14.2.0_20241119/riscv32-esp-elf/bin/../riscv32-esp-elf/lib -L/home/pavelmatskevichiosifovich/.espressif/tools/riscv32-esp-elf/esp-14.2.0_20241119/riscv32-esp-elf/bin/../riscv32-esp-elf/usr/lib CMakeFiles/cmTC_f6641.dir/CMakeCCompilerABI.c.obj -lgcc -lc -lnosys -lc -lgcc --start-group -lgcc -lc -lnosys --end-group]
    arg [/home/pavelmatskevichiosifovich/.espressif/tools/riscv32-esp-elf/esp-14.2.0_20241119/riscv32-esp-elf/bin/../libexec/gcc/riscv32-esp-elf/14.2.0/collect2] ==> ignore
    arg [-plugin] ==> ignore
    arg [/home/pavelmatskevichiosifovich/.espressif/tools/riscv32-esp-elf/esp-14.2.0_20241119/riscv32-esp-elf/bin/../libexec/gcc/riscv32-esp-elf/14.2.0/liblto_plugin.so] ==> ignore
    arg [-plugin-opt=/home/pavelmatskevichiosifovich/.espressif/tools/riscv32-esp-elf/esp-14.2.0_20241119/riscv32-esp-elf/bin/../libexec/gcc/riscv32-esp-elf/14.2.0/lto-wrapper] ==> ignore
    arg [-plugin-opt=-fresolution=/tmp/cc24jFe5.res] ==> ignore
    arg [-plugin-opt=-pass-through=-lgcc] ==> ignore
    arg [-plugin-opt=-pass-through=-lc] ==> ignore
    arg [-plugin-opt=-pass-through=-lnosys] ==> ignore
    arg [-plugin-opt=-pass-through=-lc] ==> ignore
    arg [-plugin-opt=-pass-through=-lgcc] ==> ignore
    arg [-plugin-opt=-pass-through=-lgcc] ==> ignore
    arg [-plugin-opt=-pass-through=-lc] ==> ignore
    arg [-plugin-opt=-pass-through=-lnosys] ==> ignore
    arg [--sysroot=/home/pavelmatskevichiosifovich/.espressif/tools/riscv32-esp-elf/esp-14.2.0_20241119/riscv32-esp-elf/bin/../riscv32-esp-elf] ==> ignore
    arg [-melf32lriscv] ==> ignore
    arg [-X] ==> ignore
    arg [-o] ==> ignore
    arg [cmTC_f6641] ==> ignore
    arg [-L/home/pavelmatskevichiosifovich/.espressif/tools/riscv32-esp-elf/esp-14.2.0_20241119/riscv32-esp-elf/bin/../lib/gcc/riscv32-esp-elf/14.2.0/rv32imac_zicsr_zifencei/ilp32] ==> dir [/home/pavelmatskevichiosifovich/.espressif/tools/riscv32-esp-elf/esp-14.2.0_20241119/riscv32-esp-elf/bin/../lib/gcc/riscv32-esp-elf/14.2.0/rv32imac_zicsr_zifencei/ilp32]
    arg [-L/home/pavelmatskevichiosifovich/.espressif/tools/riscv32-esp-elf/esp-14.2.0_20241119/riscv32-esp-elf/bin/../lib/gcc/riscv32-esp-elf/14.2.0/../../../../riscv32-esp-elf/lib/rv32imac_zicsr_zifencei/ilp32] ==> dir [/home/pavelmatskevichiosifovich/.espressif/tools/riscv32-esp-elf/esp-14.2.0_20241119/riscv32-esp-elf/bin/../lib/gcc/riscv32-esp-elf/14.2.0/../../../../riscv32-esp-elf/lib/rv32imac_zicsr_zifencei/ilp32]
    arg [-L/home/pavelmatskevichiosifovich/.espressif/tools/riscv32-esp-elf/esp-14.2.0_20241119/riscv32-esp-elf/bin/../riscv32-esp-elf/lib/rv32imac_zicsr_zifencei/ilp32] ==> dir [/home/pavelmatskevichiosifovich/.espressif/tools/riscv32-esp-elf/esp-14.2.0_20241119/riscv32-esp-elf/bin/../riscv32-esp-elf/lib/rv32imac_zicsr_zifencei/ilp32]
    arg [-L/home/pavelmatskevichiosifovich/.espressif/tools/riscv32-esp-elf/esp-14.2.0_20241119/riscv32-esp-elf/bin/../lib/gcc/riscv32-esp-elf/14.2.0] ==> dir [/home/pavelmatskevichiosifovich/.espressif/tools/riscv32-esp-elf/esp-14.2.0_20241119/riscv32-esp-elf/bin/../lib/gcc/riscv32-esp-elf/14.2.0]
    arg [-L/home/pavelmatskevichiosifovich/.espressif/tools/riscv32-esp-elf/esp-14.2.0_20241119/riscv32-esp-elf/bin/../lib/gcc] ==> dir [/home/pavelmatskevichiosifovich/.espressif/tools/riscv32-esp-elf/esp-14.2.0_20241119/riscv32-esp-elf/bin/../lib/gcc]
    arg [-L/home/pavelmatskevichiosifovich/.espressif/tools/riscv32-esp-elf/esp-14.2.0_20241119/riscv32-esp-elf/bin/../lib/gcc/riscv32-esp-elf/14.2.0/../../../../riscv32-esp-elf/lib] ==> dir [/home/pavelmatskevichiosifovich/.espressif/tools/riscv32-esp-elf/esp-14.2.0_20241119/riscv32-esp-elf/bin/../lib/gcc/riscv32-esp-elf/14.2.0/../../../../riscv32-esp-elf/lib]
    arg [-L/home/pavelmatskevichiosifovich/.espressif/tools/riscv32-esp-elf/esp-14.2.0_20241119/riscv32-esp-elf/bin/../riscv32-esp-elf/lib] ==> dir [/home/pavelmatskevichiosifovich/.espressif/tools/riscv32-esp-elf/esp-14.2.0_20241119/riscv32-esp-elf/bin/../riscv32-esp-elf/lib]
    arg [-L/home/pavelmatskevichiosifovich/.espressif/tools/riscv32-esp-elf/esp-14.2.0_20241119/riscv32-esp-elf/bin/../riscv32-esp-elf/usr/lib] ==> dir [/home/pavelmatskevichiosifovich/.espressif/tools/riscv32-esp-elf/esp-14.2.0_20241119/riscv32-esp-elf/bin/../riscv32-esp-elf/usr/lib]
    arg [CMakeFiles/cmTC_f6641.dir/CMakeCCompilerABI.c.obj] ==> ignore
    arg [-lgcc] ==> lib [gcc]
    arg [-lc] ==> lib [c]
    arg [-lnosys] ==> lib [nosys]
    arg [-lc] ==> lib [c]
    arg [-lgcc] ==> lib [gcc]
    arg [--start-group] ==> ignore
    arg [-lgcc] ==> lib [gcc]
    arg [-lc] ==> lib [c]
    arg [-lnosys] ==> lib [nosys]
    arg [--end-group] ==> ignore
  collapse library dir [/home/pavelmatskevichiosifovich/.espressif/tools/riscv32-esp-elf/esp-14.2.0_20241119/riscv32-esp-elf/bin/../lib/gcc/riscv32-esp-elf/14.2.0/rv32imac_zicsr_zifencei/ilp32] ==> [/home/pavelmatskevichiosifovich/.espressif/tools/riscv32-esp-elf/esp-14.2.0_20241119/riscv32-esp-elf/lib/gcc/riscv32-esp-elf/14.2.0/rv32imac_zicsr_zifencei/ilp32]
  collapse library dir [/home/pavelmatskevichiosifovich/.espressif/tools/riscv32-esp-elf/esp-14.2.0_20241119/riscv32-esp-elf/bin/../lib/gcc/riscv32-esp-elf/14.2.0/../../../../riscv32-esp-elf/lib/rv32imac_zicsr_zifencei/ilp32] ==> [/home/pavelmatskevichiosifovich/.espressif/tools/riscv32-esp-elf/esp-14.2.0_20241119/riscv32-esp-elf/riscv32-esp-elf/lib/rv32imac_zicsr_zifencei/ilp32]
  collapse library dir [/home/pavelmatskevichiosifovich/.espressif/tools/riscv32-esp-elf/esp-14.2.0_20241119/riscv32-esp-elf/bin/../riscv32-esp-elf/lib/rv32imac_zicsr_zifencei/ilp32] ==> [/home/pavelmatskevichiosifovich/.espressif/tools/riscv32-esp-elf/esp-14.2.0_20241119/riscv32-esp-elf/riscv32-esp-elf/lib/rv32imac_zicsr_zifencei/ilp32]
  collapse library dir [/home/pavelmatskevichiosifovich/.espressif/tools/riscv32-esp-elf/esp-14.2.0_20241119/riscv32-esp-elf/bin/../lib/gcc/riscv32-esp-elf/14.2.0] ==> [/home/pavelmatskevichiosifovich/.espressif/tools/riscv32-esp-elf/esp-14.2.0_20241119/riscv32-esp-elf/lib/gcc/riscv32-esp-elf/14.2.0]
  collapse library dir [/home/pavelmatskevichiosifovich/.espressif/tools/riscv32-esp-elf/esp-14.2.0_20241119/riscv32-esp-elf/bin/../lib/gcc] ==> [/home/pavelmatskevichiosifovich/.espressif/tools/riscv32-esp-elf/esp-14.2.0_20241119/riscv32-esp-elf/lib/gcc]
  collapse library dir [/home/pavelmatskevichiosifovich/.espressif/tools/riscv32-esp-elf/esp-14.2.0_20241119/riscv32-esp-elf/bin/../lib/gcc/riscv32-esp-elf/14.2.0/../../../../riscv32-esp-elf/lib] ==> [/home/pavelmatskevichiosifovich/.espressif/tools/riscv32-esp-elf/esp-14.2.0_20241119/riscv32-esp-elf/riscv32-esp-elf/lib]
  collapse library dir [/home/pavelmatskevichiosifovich/.espressif/tools/riscv32-esp-elf/esp-14.2.0_20241119/riscv32-esp-elf/bin/../riscv32-esp-elf/lib] ==> [/home/pavelmatskevichiosifovich/.espressif/tools/riscv32-esp-elf/esp-14.2.0_20241119/riscv32-esp-elf/riscv32-esp-elf/lib]
  collapse library dir [/home/pavelmatskevichiosifovich/.espressif/tools/riscv32-esp-elf/esp-14.2.0_20241119/riscv32-esp-elf/bin/../riscv32-esp-elf/usr/lib] ==> [/home/pavelmatskevichiosifovich/.espressif/tools/riscv32-esp-elf/esp-14.2.0_20241119/riscv32-esp-elf/riscv32-esp-elf/usr/lib]
  implicit libs: [gcc;c;nosys;c;gcc;gcc;c;nosys]
  implicit objs: []
  implicit dirs: [/home/pavelmatskevichiosifovich/.espressif/tools/riscv32-esp-elf/esp-14.2.0_20241119/riscv32-esp-elf/lib/gcc/riscv32-esp-elf/14.2.0/rv32imac_zicsr_zifencei/ilp32;/home/pavelmatskevichiosifovich/.espressif/tools/riscv32-esp-elf/esp-14.2.0_20241119/riscv32-esp-elf/riscv32-esp-elf/lib/rv32imac_zicsr_zifencei/ilp32;/home/pavelmatskevichiosifovich/.espressif/tools/riscv32-esp-elf/esp-14.2.0_20241119/riscv32-esp-elf/lib/gcc/riscv32-esp-elf/14.2.0;/home/pavelmatskevichiosifovich/.espressif/tools/riscv32-esp-elf/esp-14.2.0_20241119/riscv32-esp-elf/lib/gcc;/home/pavelmatskevichiosifovich/.espressif/tools/riscv32-esp-elf/esp-14.2.0_20241119/riscv32-esp-elf/riscv32-esp-elf/lib;/home/pavelmatskevichiosifovich/.espressif/tools/riscv32-esp-elf/esp-14.2.0_20241119/riscv32-esp-elf/riscv32-esp-elf/usr/lib]
  implicit fwks: []


Detecting CXX compiler ABI info compiled with the following output:
Change Dir: /home/pavelmatskevichiosifovich/Документы/PlatformIO/Projects/esp32c6/build/bootloader/CMakeFiles/CMakeScratch/TryCompile-BY09Qk

Run Build Command(s):/usr/bin/ninja cmTC_35d09 && [1/2] Building CXX object CMakeFiles/cmTC_35d09.dir/CMakeCXXCompilerABI.cpp.obj
Using built-in specs.
COLLECT_GCC=/home/pavelmatskevichiosifovich/.espressif/tools/riscv32-esp-elf/esp-14.2.0_20241119/riscv32-esp-elf/bin/riscv32-esp-elf-g++
Target: riscv32-esp-elf
Configured with: /builds/idf/crosstool-NG/.build/riscv32-esp-elf/src/gcc/configure --build=x86_64-build_pc-linux-gnu --host=x86_64-build_pc-linux-gnu --target=riscv32-esp-elf --prefix=/builds/idf/crosstool-NG/builds/riscv32-esp-elf --exec_prefix=/builds/idf/crosstool-NG/builds/riscv32-esp-elf --with-local-prefix=/builds/idf/crosstool-NG/builds/riscv32-esp-elf/riscv32-esp-elf --with-sysroot=/builds/idf/crosstool-NG/builds/riscv32-esp-elf/riscv32-esp-elf --with-native-system-header-dir=/include --with-newlib --enable-threads=no --disable-shared --with-arch=rv32gc --with-abi=ilp32 --with-pkgversion='crosstool-NG esp-14.2.0_20241119' --disable-__cxa_atexit --enable-cxx-flags=-ffunction-sections --disable-libgomp --disable-libmudflap --disable-libmpx --disable-libssp --disable-libquadmath --disable-libquadmath-support --disable-libstdcxx-verbose --with-gmp=/builds/idf/crosstool-NG/.build/riscv32-esp-elf/buildtools --with-mpfr=/builds/idf/crosstool-NG/.build/riscv32-esp-elf/buildtools --with-mpc=/builds/idf/crosstool-NG/.build/riscv32-esp-elf/buildtools --with-isl=/builds/idf/crosstool-NG/.build/riscv32-esp-elf/buildtools --enable-lto --enable-target-optspace --without-long-double-128 --disable-nls --enable-multiarch --enable-languages=c,c++ --disable-libstdcxx-verbose --enable-threads=posix --enable-gcov-custom-rtio --enable-libstdcxx-time=yes
Thread model: posix
Supported LTO compression algorithms: zlib zstd
gcc version 14.2.0 (crosstool-NG esp-14.2.0_20241119) 
COLLECT_GCC_OPTIONS='-march=rv32imac_zicsr_zifencei' '-v' '-o' 'CMakeFiles/cmTC_35d09.dir/CMakeCXXCompilerABI.cpp.obj' '-c' '-mabi=ilp32' '-misa-spec=20191213' '-march=rv32imac_zicsr_zifencei' '-dumpdir' 'CMakeFiles/cmTC_35d09.dir/'
 /home/pavelmatskevichiosifovich/.espressif/tools/riscv32-esp-elf/esp-14.2.0_20241119/riscv32-esp-elf/bin/../libexec/gcc/riscv32-esp-elf/14.2.0/cc1plus -quiet -v -imultilib rv32imac_zicsr_zifencei/ilp32 -iprefix /home/pavelmatskevichiosifovich/.espressif/tools/riscv32-esp-elf/esp-14.2.0_20241119/riscv32-esp-elf/bin/../lib/gcc/riscv32-esp-elf/14.2.0/ -isysroot /home/pavelmatskevichiosifovich/.espressif/tools/riscv32-esp-elf/esp-14.2.0_20241119/riscv32-esp-elf/bin/../riscv32-esp-elf /usr/share/cmake-3.25/Modules/CMakeCXXCompilerABI.cpp -quiet -dumpdir CMakeFiles/cmTC_35d09.dir/ -dumpbase CMakeCXXCompilerABI.cpp.cpp -dumpbase-ext .cpp -march=rv32imac_zicsr_zifencei -mabi=ilp32 -misa-spec=20191213 -march=rv32imac_zicsr_zifencei -version -o /tmp/ccrO4AkT.s
GNU C++17 (crosstool-NG esp-14.2.0_20241119) version 14.2.0 (riscv32-esp-elf)
	compiled by GNU C version 4.9.2, GMP version 6.2.1, MPFR version 4.2.1, MPC version 1.2.1, isl version isl-0.26-GMP

GGC heuristics: --param ggc-min-expand=100 --param ggc-min-heapsize=131072
ignoring duplicate directory "/home/pavelmatskevichiosifovich/.espressif/tools/riscv32-esp-elf/esp-14.2.0_20241119/riscv32-esp-elf/bin/../lib/gcc/../../lib/gcc/riscv32-esp-elf/14.2.0/../../../../riscv32-esp-elf/include/c++/14.2.0"
ignoring duplicate directory "/home/pavelmatskevichiosifovich/.espressif/tools/riscv32-esp-elf/esp-14.2.0_20241119/riscv32-esp-elf/bin/../lib/gcc/../../lib/gcc/riscv32-esp-elf/14.2.0/../../../../riscv32-esp-elf/include/c++/14.2.0/riscv32-esp-elf/rv32imac_zicsr_zifencei/ilp32"
ignoring duplicate directory "/home/pavelmatskevichiosifovich/.espressif/tools/riscv32-esp-elf/esp-14.2.0_20241119/riscv32-esp-elf/bin/../lib/gcc/../../lib/gcc/riscv32-esp-elf/14.2.0/../../../../riscv32-esp-elf/include/c++/14.2.0/backward"
ignoring duplicate directory "/home/pavelmatskevichiosifovich/.espressif/tools/riscv32-esp-elf/esp-14.2.0_20241119/riscv32-esp-elf/bin/../lib/gcc/../../lib/gcc/riscv32-esp-elf/14.2.0/include"
ignoring nonexistent directory "/home/pavelmatskevichiosifovich/.espressif/tools/riscv32-esp-elf/esp-14.2.0_20241119/riscv32-esp-elf/bin/../riscv32-esp-elf/builds/idf/crosstool-NG/builds/riscv32-esp-elf/riscv32-esp-elf/include"
ignoring duplicate directory "/home/pavelmatskevichiosifovich/.espressif/tools/riscv32-esp-elf/esp-14.2.0_20241119/riscv32-esp-elf/bin/../lib/gcc/../../lib/gcc/riscv32-esp-elf/14.2.0/include-fixed"
ignoring duplicate directory "/home/pavelmatskevichiosifovich/.espressif/tools/riscv32-esp-elf/esp-14.2.0_20241119/riscv32-esp-elf/bin/../lib/gcc/../../lib/gcc/riscv32-esp-elf/14.2.0/../../../../riscv32-esp-elf/include"
ignoring duplicate directory "/home/pavelmatskevichiosifovich/.espressif/tools/riscv32-esp-elf/esp-14.2.0_20241119/riscv32-esp-elf/bin/../riscv32-esp-elf/include"
#include "..." search starts here:
#include <...> search starts here:
 /home/pavelmatskevichiosifovich/.espressif/tools/riscv32-esp-elf/esp-14.2.0_20241119/riscv32-esp-elf/bin/../lib/gcc/riscv32-esp-elf/14.2.0/../../../../riscv32-esp-elf/include/c++/14.2.0
 /home/pavelmatskevichiosifovich/.espressif/tools/riscv32-esp-elf/esp-14.2.0_20241119/riscv32-esp-elf/bin/../lib/gcc/riscv32-esp-elf/14.2.0/../../../../riscv32-esp-elf/include/c++/14.2.0/riscv32-esp-elf/rv32imac_zicsr_zifencei/ilp32
 /home/pavelmatskevichiosifovich/.espressif/tools/riscv32-esp-elf/esp-14.2.0_20241119/riscv32-esp-elf/bin/../lib/gcc/riscv32-esp-elf/14.2.0/../../../../riscv32-esp-elf/include/c++/14.2.0/backward
 /home/pavelmatskevichiosifovich/.espressif/tools/riscv32-esp-elf/esp-14.2.0_20241119/riscv32-esp-elf/bin/../lib/gcc/riscv32-esp-elf/14.2.0/include
 /home/pavelmatskevichiosifovich/.espressif/tools/riscv32-esp-elf/esp-14.2.0_20241119/riscv32-esp-elf/bin/../lib/gcc/riscv32-esp-elf/14.2.0/include-fixed
 /home/pavelmatskevichiosifovich/.espressif/tools/riscv32-esp-elf/esp-14.2.0_20241119/riscv32-esp-elf/bin/../lib/gcc/riscv32-esp-elf/14.2.0/../../../../riscv32-esp-elf/include
End of search list.
Compiler executable checksum: c7cd21a23c5c74d612ca7681e3115c94
COLLECT_GCC_OPTIONS='-march=rv32imac_zicsr_zifencei' '-v' '-o' 'CMakeFiles/cmTC_35d09.dir/CMakeCXXCompilerABI.cpp.obj' '-c' '-mabi=ilp32' '-misa-spec=20191213' '-march=rv32imac_zicsr_zifencei' '-dumpdir' 'CMakeFiles/cmTC_35d09.dir/'
 /home/pavelmatskevichiosifovich/.espressif/tools/riscv32-esp-elf/esp-14.2.0_20241119/riscv32-esp-elf/bin/../lib/gcc/riscv32-esp-elf/14.2.0/../../../../riscv32-esp-elf/bin/as -v --traditional-format -march=rv32imac_zicsr_zifencei -march=rv32imac_zicsr_zifencei -mabi=ilp32 -misa-spec=20191213 -o CMakeFiles/cmTC_35d09.dir/CMakeCXXCompilerABI.cpp.obj /tmp/ccrO4AkT.s
GNU assembler version 2.43.1 (riscv32-esp-elf) using BFD version (crosstool-NG esp-14.2.0_20241119) 2.43.1
COMPILER_PATH=/home/pavelmatskevichiosifovich/.espressif/tools/riscv32-esp-elf/esp-14.2.0_20241119/riscv32-esp-elf/bin/../libexec/gcc/riscv32-esp-elf/14.2.0/:/home/pavelmatskevichiosifovich/.espressif/tools/riscv32-esp-elf/esp-14.2.0_20241119/riscv32-esp-elf/bin/../libexec/gcc/:/home/pavelmatskevichiosifovich/.espressif/tools/riscv32-esp-elf/esp-14.2.0_20241119/riscv32-esp-elf/bin/../lib/gcc/riscv32-esp-elf/14.2.0/../../../../riscv32-esp-elf/bin/
LIBRARY_PATH=/home/pavelmatskevichiosifovich/.espressif/tools/riscv32-esp-elf/esp-14.2.0_20241119/riscv32-esp-elf/bin/../lib/gcc/riscv32-esp-elf/14.2.0/rv32imac_zicsr_zifencei/ilp32/:/home/pavelmatskevichiosifovich/.espressif/tools/riscv32-esp-elf/esp-14.2.0_20241119/riscv32-esp-elf/bin/../lib/gcc/riscv32-esp-elf/14.2.0/../../../../riscv32-esp-elf/lib/rv32imac_zicsr_zifencei/ilp32/:/home/pavelmatskevichiosifovich/.espressif/tools/riscv32-esp-elf/esp-14.2.0_20241119/riscv32-esp-elf/bin/../riscv32-esp-elf/lib/rv32imac_zicsr_zifencei/ilp32/:/home/pavelmatskevichiosifovich/.espressif/tools/riscv32-esp-elf/esp-14.2.0_20241119/riscv32-esp-elf/bin/../lib/gcc/riscv32-esp-elf/14.2.0/:/home/pavelmatskevichiosifovich/.espressif/tools/riscv32-esp-elf/esp-14.2.0_20241119/riscv32-esp-elf/bin/../lib/gcc/:/home/pavelmatskevichiosifovich/.espressif/tools/riscv32-esp-elf/esp-14.2.0_20241119/riscv32-esp-elf/bin/../lib/gcc/riscv32-esp-elf/14.2.0/../../../../riscv32-esp-elf/lib/:/home/pavelmatskevichiosifovich/.espressif/tools/riscv32-esp-elf/esp-14.2.0_20241119/riscv32-esp-elf/bin/../riscv32-esp-elf/lib/:/home/pavelmatskevichiosifovich/.espressif/tools/riscv32-esp-elf/esp-14.2.0_20241119/riscv32-esp-elf/bin/../riscv32-esp-elf/usr/lib/
COLLECT_GCC_OPTIONS='-march=rv32imac_zicsr_zifencei' '-v' '-o' 'CMakeFiles/cmTC_35d09.dir/CMakeCXXCompilerABI.cpp.obj' '-c' '-mabi=ilp32' '-misa-spec=20191213' '-march=rv32imac_zicsr_zifencei' '-dumpdir' 'CMakeFiles/cmTC_35d09.dir/CMakeCXXCompilerABI.cpp.'
[2/2] Linking CXX executable cmTC_35d09
Using built-in specs.
Reading specs from /home/pavelmatskevichiosifovich/.espressif/tools/riscv32-esp-elf/esp-14.2.0_20241119/riscv32-esp-elf/bin/../lib/gcc/riscv32-esp-elf/14.2.0/../../../../riscv32-esp-elf/lib/nosys.specs
rename spec link_gcc_c_sequence to nosys_link_gcc_c_sequence
COLLECT_GCC=/home/pavelmatskevichiosifovich/.espressif/tools/riscv32-esp-elf/esp-14.2.0_20241119/riscv32-esp-elf/bin/riscv32-esp-elf-g++
COLLECT_LTO_WRAPPER=/home/pavelmatskevichiosifovich/.espressif/tools/riscv32-esp-elf/esp-14.2.0_20241119/riscv32-esp-elf/bin/../libexec/gcc/riscv32-esp-elf/14.2.0/lto-wrapper
Target: riscv32-esp-elf
Configured with: /builds/idf/crosstool-NG/.build/riscv32-esp-elf/src/gcc/configure --build=x86_64-build_pc-linux-gnu --host=x86_64-build_pc-linux-gnu --target=riscv32-esp-elf --prefix=/builds/idf/crosstool-NG/builds/riscv32-esp-elf --exec_prefix=/builds/idf/crosstool-NG/builds/riscv32-esp-elf --with-local-prefix=/builds/idf/crosstool-NG/builds/riscv32-esp-elf/riscv32-esp-elf --with-sysroot=/builds/idf/crosstool-NG/builds/riscv32-esp-elf/riscv32-esp-elf --with-native-system-header-dir=/include --with-newlib --enable-threads=no --disable-shared --with-arch=rv32gc --with-abi=ilp32 --with-pkgversion='crosstool-NG esp-14.2.0_20241119' --disable-__cxa_atexit --enable-cxx-flags=-ffunction-sections --disable-libgomp --disable-libmudflap --disable-libmpx --disable-libssp --disable-libquadmath --disable-libquadmath-support --disable-libstdcxx-verbose --with-gmp=/builds/idf/crosstool-NG/.build/riscv32-esp-elf/buildtools --with-mpfr=/builds/idf/crosstool-NG/.build/riscv32-esp-elf/buildtools --with-mpc=/builds/idf/crosstool-NG/.build/riscv32-esp-elf/buildtools --with-isl=/builds/idf/crosstool-NG/.build/riscv32-esp-elf/buildtools --enable-lto --enable-target-optspace --without-long-double-128 --disable-nls --enable-multiarch --enable-languages=c,c++ --disable-libstdcxx-verbose --enable-threads=posix --enable-gcov-custom-rtio --enable-libstdcxx-time=yes
Thread model: posix
Supported LTO compression algorithms: zlib zstd
gcc version 14.2.0 (crosstool-NG esp-14.2.0_20241119) 
COMPILER_PATH=/home/pavelmatskevichiosifovich/.espressif/tools/riscv32-esp-elf/esp-14.2.0_20241119/riscv32-esp-elf/bin/../libexec/gcc/riscv32-esp-elf/14.2.0/:/home/pavelmatskevichiosifovich/.espressif/tools/riscv32-esp-elf/esp-14.2.0_20241119/riscv32-esp-elf/bin/../libexec/gcc/:/home/pavelmatskevichiosifovich/.espressif/tools/riscv32-esp-elf/esp-14.2.0_20241119/riscv32-esp-elf/bin/../lib/gcc/riscv32-esp-elf/14.2.0/../../../../riscv32-esp-elf/bin/
LIBRARY_PATH=/home/pavelmatskevichiosifovich/.espressif/tools/riscv32-esp-elf/esp-14.2.0_20241119/riscv32-esp-elf/bin/../lib/gcc/riscv32-esp-elf/14.2.0/rv32imac_zicsr_zifencei/ilp32/:/home/pavelmatskevichiosifovich/.espressif/tools/riscv32-esp-elf/esp-14.2.0_20241119/riscv32-esp-elf/bin/../lib/gcc/riscv32-esp-elf/14.2.0/../../../../riscv32-esp-elf/lib/rv32imac_zicsr_zifencei/ilp32/:/home/pavelmatskevichiosifovich/.espressif/tools/riscv32-esp-elf/esp-14.2.0_20241119/riscv32-esp-elf/bin/../riscv32-esp-elf/lib/rv32imac_zicsr_zifencei/ilp32/:/home/pavelmatskevichiosifovich/.espressif/tools/riscv32-esp-elf/esp-14.2.0_20241119/riscv32-esp-elf/bin/../lib/gcc/riscv32-esp-elf/14.2.0/:/home/pavelmatskevichiosifovich/.espressif/tools/riscv32-esp-elf/esp-14.2.0_20241119/riscv32-esp-elf/bin/../lib/gcc/:/home/pavelmatskevichiosifovich/.espressif/tools/riscv32-esp-elf/esp-14.2.0_20241119/riscv32-esp-elf/bin/../lib/gcc/riscv32-esp-elf/14.2.0/../../../../riscv32-esp-elf/lib/:/home/pavelmatskevichiosifovich/.espressif/tools/riscv32-esp-elf/esp-14.2.0_20241119/riscv32-esp-elf/bin/../riscv32-esp-elf/lib/:/home/pavelmatskevichiosifovich/.espressif/tools/riscv32-esp-elf/esp-14.2.0_20241119/riscv32-esp-elf/bin/../riscv32-esp-elf/usr/lib/
COLLECT_GCC_OPTIONS='-nostartfiles' '-march=rv32imac_zicsr_zifencei' '-specs=nosys.specs' '-v' '-o' 'cmTC_35d09' '-mabi=ilp32' '-misa-spec=20191213' '-march=rv32imac_zicsr_zifencei' '-dumpdir' 'cmTC_35d09.'
 /home/pavelmatskevichiosifovich/.espressif/tools/riscv32-esp-elf/esp-14.2.0_20241119/riscv32-esp-elf/bin/../libexec/gcc/riscv32-esp-elf/14.2.0/collect2 -plugin /home/pavelmatskevichiosifovich/.espressif/tools/riscv32-esp-elf/esp-14.2.0_20241119/riscv32-esp-elf/bin/../libexec/gcc/riscv32-esp-elf/14.2.0/liblto_plugin.so -plugin-opt=/home/pavelmatskevichiosifovich/.espressif/tools/riscv32-esp-elf/esp-14.2.0_20241119/riscv32-esp-elf/bin/../libexec/gcc/riscv32-esp-elf/14.2.0/lto-wrapper -plugin-opt=-fresolution=/tmp/cccuhYr1.res -plugin-opt=-pass-through=-lgcc -plugin-opt=-pass-through=-lc -plugin-opt=-pass-through=-lnosys -plugin-opt=-pass-through=-lc -plugin-opt=-pass-through=-lgcc -plugin-opt=-pass-through=-lgcc -plugin-opt=-pass-through=-lc -plugin-opt=-pass-through=-lnosys --sysroot=/home/pavelmatskevichiosifovich/.espressif/tools/riscv32-esp-elf/esp-14.2.0_20241119/riscv32-esp-elf/bin/../riscv32-esp-elf -melf32lriscv -X -o cmTC_35d09 -L/home/pavelmatskevichiosifovich/.espressif/tools/riscv32-esp-elf/esp-14.2.0_20241119/riscv32-esp-elf/bin/../lib/gcc/riscv32-esp-elf/14.2.0/rv32imac_zicsr_zifencei/ilp32 -L/home/pavelmatskevichiosifovich/.espressif/tools/riscv32-esp-elf/esp-14.2.0_20241119/riscv32-esp-elf/bin/../lib/gcc/riscv32-esp-elf/14.2.0/../../../../riscv32-esp-elf/lib/rv32imac_zicsr_zifencei/ilp32 -L/home/pavelmatskevichiosifovich/.espressif/tools/riscv32-esp-elf/esp-14.2.0_20241119/riscv32-esp-elf/bin/../riscv32-esp-elf/lib/rv32imac_zicsr_zifencei/ilp32 -L/home/pavelmatskevichiosifovich/.espressif/tools/riscv32-esp-elf/esp-14.2.0_20241119/riscv32-esp-elf/bin/../lib/gcc/riscv32-esp-elf/14.2.0 -L/home/pavelmatskevichiosifovich/.espressif/tools/riscv32-esp-elf/esp-14.2.0_20241119/riscv32-esp-elf/bin/../lib/gcc -L/home/pavelmatskevichiosifovich/.espressif/tools/riscv32-esp-elf/esp-14.2.0_20241119/riscv32-esp-elf/bin/../lib/gcc/riscv32-esp-elf/14.2.0/../../../../riscv32-esp-elf/lib -L/home/pavelmatskevichiosifovich/.espressif/tools/riscv32-esp-elf/esp-14.2.0_20241119/riscv32-esp-elf/bin/../riscv32-esp-elf/lib -L/home/pavelmatskevichiosifovich/.espressif/tools/riscv32-esp-elf/esp-14.2.0_20241119/riscv32-esp-elf/bin/../riscv32-esp-elf/usr/lib CMakeFiles/cmTC_35d09.dir/CMakeCXXCompilerABI.cpp.obj -lstdc++ -lm -lgcc -lc -lnosys -lc -lgcc --start-group -lgcc -lc -lnosys --end-group
/home/pavelmatskevichiosifovich/.espressif/tools/riscv32-esp-elf/esp-14.2.0_20241119/riscv32-esp-elf/bin/../lib/gcc/riscv32-esp-elf/14.2.0/../../../../riscv32-esp-elf/bin/ld: warning: cannot find entry symbol _start; defaulting to 00010094
COLLECT_GCC_OPTIONS='-nostartfiles' '-march=rv32imac_zicsr_zifencei' '-specs=nosys.specs' '-v' '-o' 'cmTC_35d09' '-mabi=ilp32' '-misa-spec=20191213' '-march=rv32imac_zicsr_zifencei' '-dumpdir' 'cmTC_35d09.'



Parsed CXX implicit include dir info from above output: rv=done
  found start of include info
  found start of implicit include info
    add: [/home/pavelmatskevichiosifovich/.espressif/tools/riscv32-esp-elf/esp-14.2.0_20241119/riscv32-esp-elf/bin/../lib/gcc/riscv32-esp-elf/14.2.0/../../../../riscv32-esp-elf/include/c++/14.2.0]
    add: [/home/pavelmatskevichiosifovich/.espressif/tools/riscv32-esp-elf/esp-14.2.0_20241119/riscv32-esp-elf/bin/../lib/gcc/riscv32-esp-elf/14.2.0/../../../../riscv32-esp-elf/include/c++/14.2.0/riscv32-esp-elf/rv32imac_zicsr_zifencei/ilp32]
    add: [/home/pavelmatskevichiosifovich/.espressif/tools/riscv32-esp-elf/esp-14.2.0_20241119/riscv32-esp-elf/bin/../lib/gcc/riscv32-esp-elf/14.2.0/../../../../riscv32-esp-elf/include/c++/14.2.0/backward]
    add: [/home/pavelmatskevichiosifovich/.espressif/tools/riscv32-esp-elf/esp-14.2.0_20241119/riscv32-esp-elf/bin/../lib/gcc/riscv32-esp-elf/14.2.0/include]
    add: [/home/pavelmatskevichiosifovich/.espressif/tools/riscv32-esp-elf/esp-14.2.0_20241119/riscv32-esp-elf/bin/../lib/gcc/riscv32-esp-elf/14.2.0/include-fixed]
    add: [/home/pavelmatskevichiosifovich/.espressif/tools/riscv32-esp-elf/esp-14.2.0_20241119/riscv32-esp-elf/bin/../lib/gcc/riscv32-esp-elf/14.2.0/../../../../riscv32-esp-elf/include]
  end of search list found
  collapse include dir [/home/pavelmatskevichiosifovich/.espressif/tools/riscv32-esp-elf/esp-14.2.0_20241119/riscv32-esp-elf/bin/../lib/gcc/riscv32-esp-elf/14.2.0/../../../../riscv32-esp-elf/include/c++/14.2.0] ==> [/home/pavelmatskevichiosifovich/.espressif/tools/riscv32-esp-elf/esp-14.2.0_20241119/riscv32-esp-elf/riscv32-esp-elf/include/c++/14.2.0]
  collapse include dir [/home/pavelmatskevichiosifovich/.espressif/tools/riscv32-esp-elf/esp-14.2.0_20241119/riscv32-esp-elf/bin/../lib/gcc/riscv32-esp-elf/14.2.0/../../../../riscv32-esp-elf/include/c++/14.2.0/riscv32-esp-elf/rv32imac_zicsr_zifencei/ilp32] ==> [/home/pavelmatskevichiosifovich/.espressif/tools/riscv32-esp-elf/esp-14.2.0_20241119/riscv32-esp-elf/riscv32-esp-elf/include/c++/14.2.0/riscv32-esp-elf/rv32imac_zicsr_zifencei/ilp32]
  collapse include dir [/home/pavelmatskevichiosifovich/.espressif/tools/riscv32-esp-elf/esp-14.2.0_20241119/riscv32-esp-elf/bin/../lib/gcc/riscv32-esp-elf/14.2.0/../../../../riscv32-esp-elf/include/c++/14.2.0/backward] ==> [/home/pavelmatskevichiosifovich/.espressif/tools/riscv32-esp-elf/esp-14.2.0_20241119/riscv32-esp-elf/riscv32-esp-elf/include/c++/14.2.0/backward]
  collapse include dir [/home/pavelmatskevichiosifovich/.espressif/tools/riscv32-esp-elf/esp-14.2.0_20241119/riscv32-esp-elf/bin/../lib/gcc/riscv32-esp-elf/14.2.0/include] ==> [/home/pavelmatskevichiosifovich/.espressif/tools/riscv32-esp-elf/esp-14.2.0_20241119/riscv32-esp-elf/lib/gcc/riscv32-esp-elf/14.2.0/include]
  collapse include dir [/home/pavelmatskevichiosifovich/.espressif/tools/riscv32-esp-elf/esp-14.2.0_20241119/riscv32-esp-elf/bin/../lib/gcc/riscv32-esp-elf/14.2.0/include-fixed] ==> [/home/pavelmatskevichiosifovich/.espressif/tools/riscv32-esp-elf/esp-14.2.0_20241119/riscv32-esp-elf/lib/gcc/riscv32-esp-elf/14.2.0/include-fixed]
  collapse include dir [/home/pavelmatskevichiosifovich/.espressif/tools/riscv32-esp-elf/esp-14.2.0_20241119/riscv32-esp-elf/bin/../lib/gcc/riscv32-esp-elf/14.2.0/../../../../riscv32-esp-elf/include] ==> [/home/pavelmatskevichiosifovich/.espressif/tools/riscv32-esp-elf/esp-14.2.0_20241119/riscv32-esp-elf/riscv32-esp-elf/include]
  implicit include dirs: [/home/pavelmatskevichiosifovich/.espressif/tools/riscv32-esp-elf/esp-14.2.0_20241119/riscv32-esp-elf/riscv32-esp-elf/include/c++/14.2.0;/home/pavelmatskevichiosifovich/.espressif/tools/riscv32-esp-elf/esp-14.2.0_20241119/riscv32-esp-elf/riscv32-esp-elf/include/c++/14.2.0/riscv32-esp-elf/rv32imac_zicsr_zifencei/ilp32;/home/pavelmatskevichiosifovich/.espressif/tools/riscv32-esp-elf/esp-14.2.0_20241119/riscv32-esp-elf/riscv32-esp-elf/include/c++/14.2.0/backward;/home/pavelmatskevichiosifovich/.espressif/tools/riscv32-esp-elf/esp-14.2.0_20241119/riscv32-esp-elf/lib/gcc/riscv32-esp-elf/14.2.0/include;/home/pavelmatskevichiosifovich/.espressif/tools/riscv32-esp-elf/esp-14.2.0_20241119/riscv32-esp-elf/lib/gcc/riscv32-esp-elf/14.2.0/include-fixed;/home/pavelmatskevichiosifovich/.espressif/tools/riscv32-esp-elf/esp-14.2.0_20241119/riscv32-esp-elf/riscv32-esp-elf/include]


Parsed CXX implicit link information from above output:
  link line regex: [^( *|.*[/\])(riscv32-esp-elf-ld|CMAKE_LINK_STARTFILE-NOTFOUND|([^/\]+-)?ld|collect2)[^/\]*( |$)]
  ignore line: [Change Dir: /home/pavelmatskevichiosifovich/Документы/PlatformIO/Projects/esp32c6/build/bootloader/CMakeFiles/CMakeScratch/TryCompile-BY09Qk]
  ignore line: []
  ignore line: [Run Build Command(s):/usr/bin/ninja cmTC_35d09 && [1/2] Building CXX object CMakeFiles/cmTC_35d09.dir/CMakeCXXCompilerABI.cpp.obj]
  ignore line: [Using built-in specs.]
  ignore line: [COLLECT_GCC=/home/pavelmatskevichiosifovich/.espressif/tools/riscv32-esp-elf/esp-14.2.0_20241119/riscv32-esp-elf/bin/riscv32-esp-elf-g++]
  ignore line: [Target: riscv32-esp-elf]
  ignore line: [Configured with: /builds/idf/crosstool-NG/.build/riscv32-esp-elf/src/gcc/configure --build=x86_64-build_pc-linux-gnu --host=x86_64-build_pc-linux-gnu --target=riscv32-esp-elf --prefix=/builds/idf/crosstool-NG/builds/riscv32-esp-elf --exec_prefix=/builds/idf/crosstool-NG/builds/riscv32-esp-elf --with-local-prefix=/builds/idf/crosstool-NG/builds/riscv32-esp-elf/riscv32-esp-elf --with-sysroot=/builds/idf/crosstool-NG/builds/riscv32-esp-elf/riscv32-esp-elf --with-native-system-header-dir=/include --with-newlib --enable-threads=no --disable-shared --with-arch=rv32gc --with-abi=ilp32 --with-pkgversion='crosstool-NG esp-14.2.0_20241119' --disable-__cxa_atexit --enable-cxx-flags=-ffunction-sections --disable-libgomp --disable-libmudflap --disable-libmpx --disable-libssp --disable-libquadmath --disable-libquadmath-support --disable-libstdcxx-verbose --with-gmp=/builds/idf/crosstool-NG/.build/riscv32-esp-elf/buildtools --with-mpfr=/builds/idf/crosstool-NG/.build/riscv32-esp-elf/buildtools --with-mpc=/builds/idf/crosstool-NG/.build/riscv32-esp-elf/buildtools --with-isl=/builds/idf/crosstool-NG/.build/riscv32-esp-elf/buildtools --enable-lto --enable-target-optspace --without-long-double-128 --disable-nls --enable-multiarch --enable-languages=c c++ --disable-libstdcxx-verbose --enable-threads=posix --enable-gcov-custom-rtio --enable-libstdcxx-time=yes]
  ignore line: [Thread model: posix]
  ignore line: [Supported LTO compression algorithms: zlib zstd]
  ignore line: [gcc version 14.2.0 (crosstool-NG esp-14.2.0_20241119) ]
  ignore line: [COLLECT_GCC_OPTIONS='-march=rv32imac_zicsr_zifencei' '-v' '-o' 'CMakeFiles/cmTC_35d09.dir/CMakeCXXCompilerABI.cpp.obj' '-c' '-mabi=ilp32' '-misa-spec=20191213' '-march=rv32imac_zicsr_zifencei' '-dumpdir' 'CMakeFiles/cmTC_35d09.dir/']
  ignore line: [ /home/pavelmatskevichiosifovich/.espressif/tools/riscv32-esp-elf/esp-14.2.0_20241119/riscv32-esp-elf/bin/../libexec/gcc/riscv32-esp-elf/14.2.0/cc1plus -quiet -v -imultilib rv32imac_zicsr_zifencei/ilp32 -iprefix /home/pavelmatskevichiosifovich/.espressif/tools/riscv32-esp-elf/esp-14.2.0_20241119/riscv32-esp-elf/bin/../lib/gcc/riscv32-esp-elf/14.2.0/ -isysroot /home/pavelmatskevichiosifovich/.espressif/tools/riscv32-esp-elf/esp-14.2.0_20241119/riscv32-esp-elf/bin/../riscv32-esp-elf /usr/share/cmake-3.25/Modules/CMakeCXXCompilerABI.cpp -quiet -dumpdir CMakeFiles/cmTC_35d09.dir/ -dumpbase CMakeCXXCompilerABI.cpp.cpp -dumpbase-ext .cpp -march=rv32imac_zicsr_zifencei -mabi=ilp32 -misa-spec=20191213 -march=rv32imac_zicsr_zifencei -version -o /tmp/ccrO4AkT.s]
  ignore line: [GNU C++17 (crosstool-NG esp-14.2.0_20241119) version 14.2.0 (riscv32-esp-elf)]
  ignore line: [	compiled by GNU C version 4.9.2  GMP version 6.2.1  MPFR version 4.2.1  MPC version 1.2.1  isl version isl-0.26-GMP]
  ignore line: []
  ignore line: [GGC heuristics: --param ggc-min-expand=100 --param ggc-min-heapsize=131072]
  ignore line: [ignoring duplicate directory "/home/pavelmatskevichiosifovich/.espressif/tools/riscv32-esp-elf/esp-14.2.0_20241119/riscv32-esp-elf/bin/../lib/gcc/../../lib/gcc/riscv32-esp-elf/14.2.0/../../../../riscv32-esp-elf/include/c++/14.2.0"]
  ignore line: [ignoring duplicate directory "/home/pavelmatskevichiosifovich/.espressif/tools/riscv32-esp-elf/esp-14.2.0_20241119/riscv32-esp-elf/bin/../lib/gcc/../../lib/gcc/riscv32-esp-elf/14.2.0/../../../../riscv32-esp-elf/include/c++/14.2.0/riscv32-esp-elf/rv32imac_zicsr_zifencei/ilp32"]
  ignore line: [ignoring duplicate directory "/home/pavelmatskevichiosifovich/.espressif/tools/riscv32-esp-elf/esp-14.2.0_20241119/riscv32-esp-elf/bin/../lib/gcc/../../lib/gcc/riscv32-esp-elf/14.2.0/../../../../riscv32-esp-elf/include/c++/14.2.0/backward"]
  ignore line: [ignoring duplicate directory "/home/pavelmatskevichiosifovich/.espressif/tools/riscv32-esp-elf/esp-14.2.0_20241119/riscv32-esp-elf/bin/../lib/gcc/../../lib/gcc/riscv32-esp-elf/14.2.0/include"]
  ignore line: [ignoring nonexistent directory "/home/pavelmatskevichiosifovich/.espressif/tools/riscv32-esp-elf/esp-14.2.0_20241119/riscv32-esp-elf/bin/../riscv32-esp-elf/builds/idf/crosstool-NG/builds/riscv32-esp-elf/riscv32-esp-elf/include"]
  ignore line: [ignoring duplicate directory "/home/pavelmatskevichiosifovich/.espressif/tools/riscv32-esp-elf/esp-14.2.0_20241119/riscv32-esp-elf/bin/../lib/gcc/../../lib/gcc/riscv32-esp-elf/14.2.0/include-fixed"]
  ignore line: [ignoring duplicate directory "/home/pavelmatskevichiosifovich/.espressif/tools/riscv32-esp-elf/esp-14.2.0_20241119/riscv32-esp-elf/bin/../lib/gcc/../../lib/gcc/riscv32-esp-elf/14.2.0/../../../../riscv32-esp-elf/include"]
  ignore line: [ignoring duplicate directory "/home/pavelmatskevichiosifovich/.espressif/tools/riscv32-esp-elf/esp-14.2.0_20241119/riscv32-esp-elf/bin/../riscv32-esp-elf/include"]
  ignore line: [#include "..." search starts here:]
  ignore line: [#include <...> search starts here:]
  ignore line: [ /home/pavelmatskevichiosifovich/.espressif/tools/riscv32-esp-elf/esp-14.2.0_20241119/riscv32-esp-elf/bin/../lib/gcc/riscv32-esp-elf/14.2.0/../../../../riscv32-esp-elf/include/c++/14.2.0]
  ignore line: [ /home/pavelmatskevichiosifovich/.espressif/tools/riscv32-esp-elf/esp-14.2.0_20241119/riscv32-esp-elf/bin/../lib/gcc/riscv32-esp-elf/14.2.0/../../../../riscv32-esp-elf/include/c++/14.2.0/riscv32-esp-elf/rv32imac_zicsr_zifencei/ilp32]
  ignore line: [ /home/pavelmatskevichiosifovich/.espressif/tools/riscv32-esp-elf/esp-14.2.0_20241119/riscv32-esp-elf/bin/../lib/gcc/riscv32-esp-elf/14.2.0/../../../../riscv32-esp-elf/include/c++/14.2.0/backward]
  ignore line: [ /home/pavelmatskevichiosifovich/.espressif/tools/riscv32-esp-elf/esp-14.2.0_20241119/riscv32-esp-elf/bin/../lib/gcc/riscv32-esp-elf/14.2.0/include]
  ignore line: [ /home/pavelmatskevichiosifovich/.espressif/tools/riscv32-esp-elf/esp-14.2.0_20241119/riscv32-esp-elf/bin/../lib/gcc/riscv32-esp-elf/14.2.0/include-fixed]
  ignore line: [ /home/pavelmatskevichiosifovich/.espressif/tools/riscv32-esp-elf/esp-14.2.0_20241119/riscv32-esp-elf/bin/../lib/gcc/riscv32-esp-elf/14.2.0/../../../../riscv32-esp-elf/include]
  ignore line: [End of search list.]
  ignore line: [Compiler executable checksum: c7cd21a23c5c74d612ca7681e3115c94]
  ignore line: [COLLECT_GCC_OPTIONS='-march=rv32imac_zicsr_zifencei' '-v' '-o' 'CMakeFiles/cmTC_35d09.dir/CMakeCXXCompilerABI.cpp.obj' '-c' '-mabi=ilp32' '-misa-spec=20191213' '-march=rv32imac_zicsr_zifencei' '-dumpdir' 'CMakeFiles/cmTC_35d09.dir/']
  ignore line: [ /home/pavelmatskevichiosifovich/.espressif/tools/riscv32-esp-elf/esp-14.2.0_20241119/riscv32-esp-elf/bin/../lib/gcc/riscv32-esp-elf/14.2.0/../../../../riscv32-esp-elf/bin/as -v --traditional-format -march=rv32imac_zicsr_zifencei -march=rv32imac_zicsr_zifencei -mabi=ilp32 -misa-spec=20191213 -o CMakeFiles/cmTC_35d09.dir/CMakeCXXCompilerABI.cpp.obj /tmp/ccrO4AkT.s]
  ignore line: [GNU assembler version 2.43.1 (riscv32-esp-elf) using BFD version (crosstool-NG esp-14.2.0_20241119) 2.43.1]
  ignore line: [COMPILER_PATH=/home/pavelmatskevichiosifovich/.espressif/tools/riscv32-esp-elf/esp-14.2.0_20241119/riscv32-esp-elf/bin/../libexec/gcc/riscv32-esp-elf/14.2.0/:/home/pavelmatskevichiosifovich/.espressif/tools/riscv32-esp-elf/esp-14.2.0_20241119/riscv32-esp-elf/bin/../libexec/gcc/:/home/pavelmatskevichiosifovich/.espressif/tools/riscv32-esp-elf/esp-14.2.0_20241119/riscv32-esp-elf/bin/../lib/gcc/riscv32-esp-elf/14.2.0/../../../../riscv32-esp-elf/bin/]
  ignore line: [LIBRARY_PATH=/home/pavelmatskevichiosifovich/.espressif/tools/riscv32-esp-elf/esp-14.2.0_20241119/riscv32-esp-elf/bin/../lib/gcc/riscv32-esp-elf/14.2.0/rv32imac_zicsr_zifencei/ilp32/:/home/pavelmatskevichiosifovich/.espressif/tools/riscv32-esp-elf/esp-14.2.0_20241119/riscv32-esp-elf/bin/../lib/gcc/riscv32-esp-elf/14.2.0/../../../../riscv32-esp-elf/lib/rv32imac_zicsr_zifencei/ilp32/:/home/pavelmatskevichiosifovich/.espressif/tools/riscv32-esp-elf/esp-14.2.0_20241119/riscv32-esp-elf/bin/../riscv32-esp-elf/lib/rv32imac_zicsr_zifencei/ilp32/:/home/pavelmatskevichiosifovich/.espressif/tools/riscv32-esp-elf/esp-14.2.0_20241119/riscv32-esp-elf/bin/../lib/gcc/riscv32-esp-elf/14.2.0/:/home/pavelmatskevichiosifovich/.espressif/tools/riscv32-esp-elf/esp-14.2.0_20241119/riscv32-esp-elf/bin/../lib/gcc/:/home/pavelmatskevichiosifovich/.espressif/tools/riscv32-esp-elf/esp-14.2.0_20241119/riscv32-esp-elf/bin/../lib/gcc/riscv32-esp-elf/14.2.0/../../../../riscv32-esp-elf/lib/:/home/pavelmatskevichiosifovich/.espressif/tools/riscv32-esp-elf/esp-14.2.0_20241119/riscv32-esp-elf/bin/../riscv32-esp-elf/lib/:/home/pavelmatskevichiosifovich/.espressif/tools/riscv32-esp-elf/esp-14.2.0_20241119/riscv32-esp-elf/bin/../riscv32-esp-elf/usr/lib/]
  ignore line: [COLLECT_GCC_OPTIONS='-march=rv32imac_zicsr_zifencei' '-v' '-o' 'CMakeFiles/cmTC_35d09.dir/CMakeCXXCompilerABI.cpp.obj' '-c' '-mabi=ilp32' '-misa-spec=20191213' '-march=rv32imac_zicsr_zifencei' '-dumpdir' 'CMakeFiles/cmTC_35d09.dir/CMakeCXXCompilerABI.cpp.']
  ignore line: [[2/2] Linking CXX executable cmTC_35d09]
  ignore line: [Using built-in specs.]
  ignore line: [Reading specs from /home/pavelmatskevichiosifovich/.espressif/tools/riscv32-esp-elf/esp-14.2.0_20241119/riscv32-esp-elf/bin/../lib/gcc/riscv32-esp-elf/14.2.0/../../../../riscv32-esp-elf/lib/nosys.specs]
  ignore line: [rename spec link_gcc_c_sequence to nosys_link_gcc_c_sequence]
  ignore line: [COLLECT_GCC=/home/pavelmatskevichiosifovich/.espressif/tools/riscv32-esp-elf/esp-14.2.0_20241119/riscv32-esp-elf/bin/riscv32-esp-elf-g++]
  ignore line: [COLLECT_LTO_WRAPPER=/home/pavelmatskevichiosifovich/.espressif/tools/riscv32-esp-elf/esp-14.2.0_20241119/riscv32-esp-elf/bin/../libexec/gcc/riscv32-esp-elf/14.2.0/lto-wrapper]
  ignore line: [Target: riscv32-esp-elf]
  ignore line: [Configured with: /builds/idf/crosstool-NG/.build/riscv32-esp-elf/src/gcc/configure --build=x86_64-build_pc-linux-gnu --host=x86_64-build_pc-linux-gnu --target=riscv32-esp-elf --prefix=/builds/idf/crosstool-NG/builds/riscv32-esp-elf --exec_prefix=/builds/idf/crosstool-NG/builds/riscv32-esp-elf --with-local-prefix=/builds/idf/crosstool-NG/builds/riscv32-esp-elf/riscv32-esp-elf --with-sysroot=/builds/idf/crosstool-NG/builds/riscv32-esp-elf/riscv32-esp-elf --with-native-system-header-dir=/include --with-newlib --enable-threads=no --disable-shared --with-arch=rv32gc --with-abi=ilp32 --with-pkgversion='crosstool-NG esp-14.2.0_20241119' --disable-__cxa_atexit --enable-cxx-flags=-ffunction-sections --disable-libgomp --disable-libmudflap --disable-libmpx --disable-libssp --disable-libquadmath --disable-libquadmath-support --disable-libstdcxx-verbose --with-gmp=/builds/idf/crosstool-NG/.build/riscv32-esp-elf/buildtools --with-mpfr=/builds/idf/crosstool-NG/.build/riscv32-esp-elf/buildtools --with-mpc=/builds/idf/crosstool-NG/.build/riscv32-esp-elf/buildtools --with-isl=/builds/idf/crosstool-NG/.build/riscv32-esp-elf/buildtools --enable-lto --enable-target-optspace --without-long-double-128 --disable-nls --enable-multiarch --enable-languages=c c++ --disable-libstdcxx-verbose --enable-threads=posix --enable-gcov-custom-rtio --enable-libstdcxx-time=yes]
  ignore line: [Thread model: posix]
  ignore line: [Supported LTO compression algorithms: zlib zstd]
  ignore line: [gcc version 14.2.0 (crosstool-NG esp-14.2.0_20241119) ]
  ignore line: [COMPILER_PATH=/home/pavelmatskevichiosifovich/.espressif/tools/riscv32-esp-elf/esp-14.2.0_20241119/riscv32-esp-elf/bin/../libexec/gcc/riscv32-esp-elf/14.2.0/:/home/pavelmatskevichiosifovich/.espressif/tools/riscv32-esp-elf/esp-14.2.0_20241119/riscv32-esp-elf/bin/../libexec/gcc/:/home/pavelmatskevichiosifovich/.espressif/tools/riscv32-esp-elf/esp-14.2.0_20241119/riscv32-esp-elf/bin/../lib/gcc/riscv32-esp-elf/14.2.0/../../../../riscv32-esp-elf/bin/]
  ignore line: [LIBRARY_PATH=/home/pavelmatskevichiosifovich/.espressif/tools/riscv32-esp-elf/esp-14.2.0_20241119/riscv32-esp-elf/bin/../lib/gcc/riscv32-esp-elf/14.2.0/rv32imac_zicsr_zifencei/ilp32/:/home/pavelmatskevichiosifovich/.espressif/tools/riscv32-esp-elf/esp-14.2.0_20241119/riscv32-esp-elf/bin/../lib/gcc/riscv32-esp-elf/14.2.0/../../../../riscv32-esp-elf/lib/rv32imac_zicsr_zifencei/ilp32/:/home/pavelmatskevichiosifovich/.espressif/tools/riscv32-esp-elf/esp-14.2.0_20241119/riscv32-esp-elf/bin/../riscv32-esp-elf/lib/rv32imac_zicsr_zifencei/ilp32/:/home/pavelmatskevichiosifovich/.espressif/tools/riscv32-esp-elf/esp-14.2.0_20241119/riscv32-esp-elf/bin/../lib/gcc/riscv32-esp-elf/14.2.0/:/home/pavelmatskevichiosifovich/.espressif/tools/riscv32-esp-elf/esp-14.2.0_20241119/riscv32-esp-elf/bin/../lib/gcc/:/home/pavelmatskevichiosifovich/.espressif/tools/riscv32-esp-elf/esp-14.2.0_20241119/riscv32-esp-elf/bin/../lib/gcc/riscv32-esp-elf/14.2.0/../../../../riscv32-esp-elf/lib/:/home/pavelmatskevichiosifovich/.espressif/tools/riscv32-esp-elf/esp-14.2.0_20241119/riscv32-esp-elf/bin/../riscv32-esp-elf/lib/:/home/pavelmatskevichiosifovich/.espressif/tools/riscv32-esp-elf/esp-14.2.0_20241119/riscv32-esp-elf/bin/../riscv32-esp-elf/usr/lib/]
  ignore line: [COLLECT_GCC_OPTIONS='-nostartfiles' '-march=rv32imac_zicsr_zifencei' '-specs=nosys.specs' '-v' '-o' 'cmTC_35d09' '-mabi=ilp32' '-misa-spec=20191213' '-march=rv32imac_zicsr_zifencei' '-dumpdir' 'cmTC_35d09.']
  link line: [ /home/pavelmatskevichiosifovich/.espressif/tools/riscv32-esp-elf/esp-14.2.0_20241119/riscv32-esp-elf/bin/../libexec/gcc/riscv32-esp-elf/14.2.0/collect2 -plugin /home/pavelmatskevichiosifovich/.espressif/tools/riscv32-esp-elf/esp-14.2.0_20241119/riscv32-esp-elf/bin/../libexec/gcc/riscv32-esp-elf/14.2.0/liblto_plugin.so -plugin-opt=/home/pavelmatskevichiosifovich/.espressif/tools/riscv32-esp-elf/esp-14.2.0_20241119/riscv32-esp-elf/bin/../libexec/gcc/riscv32-esp-elf/14.2.0/lto-wrapper -plugin-opt=-fresolution=/tmp/cccuhYr1.res -plugin-opt=-pass-through=-lgcc -plugin-opt=-pass-through=-lc -plugin-opt=-pass-through=-lnosys -plugin-opt=-pass-through=-lc -plugin-opt=-pass-through=-lgcc -plugin-opt=-pass-through=-lgcc -plugin-opt=-pass-through=-lc -plugin-opt=-pass-through=-lnosys --sysroot=/home/pavelmatskevichiosifovich/.espressif/tools/riscv32-esp-elf/esp-14.2.0_20241119/riscv32-esp-elf/bin/../riscv32-esp-elf -melf32lriscv -X -o cmTC_35d09 -L/home/pavelmatskevichiosifovich/.espressif/tools/riscv32-esp-elf/esp-14.2.0_20241119/riscv32-esp-elf/bin/../lib/gcc/riscv32-esp-elf/14.2.0/rv32imac_zicsr_zifencei/ilp32 -L/home/pavelmatskevichiosifovich/.espressif/tools/riscv32-esp-elf/esp-14.2.0_20241119/riscv32-esp-elf/bin/../lib/gcc/riscv32-esp-elf/14.2.0/../../../../riscv32-esp-elf/lib/rv32imac_zicsr_zifencei/ilp32 -L/home/pavelmatskevichiosifovich/.espressif/tools/riscv32-esp-elf/esp-14.2.0_20241119/riscv32-esp-elf/bin/../riscv32-esp-elf/lib/rv32imac_zicsr_zifencei/ilp32 -L/home/pavelmatskevichiosifovich/.espressif/tools/riscv32-esp-elf/esp-14.2.0_20241119/riscv32-esp-elf/bin/../lib/gcc/riscv32-esp-elf/14.2.0 -L/home/pavelmatskevichiosifovich/.espressif/tools/riscv32-esp-elf/esp-14.2.0_20241119/riscv32-esp-elf/bin/../lib/gcc -L/home/pavelmatskevichiosifovich/.espressif/tools/riscv32-esp-elf/esp-14.2.0_20241119/riscv32-esp-elf/bin/../lib/gcc/riscv32-esp-elf/14.2.0/../../../../riscv32-esp-elf/lib -L/home/pavelmatskevichiosifovich/.espressif/tools/riscv32-esp-elf/esp-14.2.0_20241119/riscv32-esp-elf/bin/../riscv32-esp-elf/lib -L/home/pavelmatskevichiosifovich/.espressif/tools/riscv32-esp-elf/esp-14.2.0_20241119/riscv32-esp-elf/bin/../riscv32-esp-elf/usr/lib CMakeFiles/cmTC_35d09.dir/CMakeCXXCompilerABI.cpp.obj -lstdc++ -lm -lgcc -lc -lnosys -lc -lgcc --start-group -lgcc -lc -lnosys --end-group]
    arg [/home/pavelmatskevichiosifovich/.espressif/tools/riscv32-esp-elf/esp-14.2.0_20241119/riscv32-esp-elf/bin/../libexec/gcc/riscv32-esp-elf/14.2.0/collect2] ==> ignore
    arg [-plugin] ==> ignore
    arg [/home/pavelmatskevichiosifovich/.espressif/tools/riscv32-esp-elf/esp-14.2.0_20241119/riscv32-esp-elf/bin/../libexec/gcc/riscv32-esp-elf/14.2.0/liblto_plugin.so] ==> ignore
    arg [-plugin-opt=/home/pavelmatskevichiosifovich/.espressif/tools/riscv32-esp-elf/esp-14.2.0_20241119/riscv32-esp-elf/bin/../libexec/gcc/riscv32-esp-elf/14.2.0/lto-wrapper] ==> ignore
    arg [-plugin-opt=-fresolution=/tmp/cccuhYr1.res] ==> ignore
    arg [-plugin-opt=-pass-through=-lgcc] ==> ignore
    arg [-plugin-opt=-pass-through=-lc] ==> ignore
    arg [-plugin-opt=-pass-through=-lnosys] ==> ignore
    arg [-plugin-opt=-pass-through=-lc] ==> ignore
    arg [-plugin-opt=-pass-through=-lgcc] ==> ignore
    arg [-plugin-opt=-pass-through=-lgcc] ==> ignore
    arg [-plugin-opt=-pass-through=-lc] ==> ignore
    arg [-plugin-opt=-pass-through=-lnosys] ==> ignore
    arg [--sysroot=/home/pavelmatskevichiosifovich/.espressif/tools/riscv32-esp-elf/esp-14.2.0_20241119/riscv32-esp-elf/bin/../riscv32-esp-elf] ==> ignore
    arg [-melf32lriscv] ==> ignore
    arg [-X] ==> ignore
    arg [-o] ==> ignore
    arg [cmTC_35d09] ==> ignore
    arg [-L/home/pavelmatskevichiosifovich/.espressif/tools/riscv32-esp-elf/esp-14.2.0_20241119/riscv32-esp-elf/bin/../lib/gcc/riscv32-esp-elf/14.2.0/rv32imac_zicsr_zifencei/ilp32] ==> dir [/home/pavelmatskevichiosifovich/.espressif/tools/riscv32-esp-elf/esp-14.2.0_20241119/riscv32-esp-elf/bin/../lib/gcc/riscv32-esp-elf/14.2.0/rv32imac_zicsr_zifencei/ilp32]
    arg [-L/home/pavelmatskevichiosifovich/.espressif/tools/riscv32-esp-elf/esp-14.2.0_20241119/riscv32-esp-elf/bin/../lib/gcc/riscv32-esp-elf/14.2.0/../../../../riscv32-esp-elf/lib/rv32imac_zicsr_zifencei/ilp32] ==> dir [/home/pavelmatskevichiosifovich/.espressif/tools/riscv32-esp-elf/esp-14.2.0_20241119/riscv32-esp-elf/bin/../lib/gcc/riscv32-esp-elf/14.2.0/../../../../riscv32-esp-elf/lib/rv32imac_zicsr_zifencei/ilp32]
    arg [-L/home/pavelmatskevichiosifovich/.espressif/tools/riscv32-esp-elf/esp-14.2.0_20241119/riscv32-esp-elf/bin/../riscv32-esp-elf/lib/rv32imac_zicsr_zifencei/ilp32] ==> dir [/home/pavelmatskevichiosifovich/.espressif/tools/riscv32-esp-elf/esp-14.2.0_20241119/riscv32-esp-elf/bin/../riscv32-esp-elf/lib/rv32imac_zicsr_zifencei/ilp32]
    arg [-L/home/pavelmatskevichiosifovich/.espressif/tools/riscv32-esp-elf/esp-14.2.0_20241119/riscv32-esp-elf/bin/../lib/gcc/riscv32-esp-elf/14.2.0] ==> dir [/home/pavelmatskevichiosifovich/.espressif/tools/riscv32-esp-elf/esp-14.2.0_20241119/riscv32-esp-elf/bin/../lib/gcc/riscv32-esp-elf/14.2.0]
    arg [-L/home/pavelmatskevichiosifovich/.espressif/tools/riscv32-esp-elf/esp-14.2.0_20241119/riscv32-esp-elf/bin/../lib/gcc] ==> dir [/home/pavelmatskevichiosifovich/.espressif/tools/riscv32-esp-elf/esp-14.2.0_20241119/riscv32-esp-elf/bin/../lib/gcc]
    arg [-L/home/pavelmatskevichiosifovich/.espressif/tools/riscv32-esp-elf/esp-14.2.0_20241119/riscv32-esp-elf/bin/../lib/gcc/riscv32-esp-elf/14.2.0/../../../../riscv32-esp-elf/lib] ==> dir [/home/pavelmatskevichiosifovich/.espressif/tools/riscv32-esp-elf/esp-14.2.0_20241119/riscv32-esp-elf/bin/../lib/gcc/riscv32-esp-elf/14.2.0/../../../../riscv32-esp-elf/lib]
    arg [-L/home/pavelmatskevichiosifovich/.espressif/tools/riscv32-esp-elf/esp-14.2.0_20241119/riscv32-esp-elf/bin/../riscv32-esp-elf/lib] ==> dir [/home/pavelmatskevichiosifovich/.espressif/tools/riscv32-esp-elf/esp-14.2.0_20241119/riscv32-esp-elf/bin/../riscv32-esp-elf/lib]
    arg [-L/home/pavelmatskevichiosifovich/.espressif/tools/riscv32-esp-elf/esp-14.2.0_20241119/riscv32-esp-elf/bin/../riscv32-esp-elf/usr/lib] ==> dir [/home/pavelmatskevichiosifovich/.espressif/tools/riscv32-esp-elf/esp-14.2.0_20241119/riscv32-esp-elf/bin/../riscv32-esp-elf/usr/lib]
    arg [CMakeFiles/cmTC_35d09.dir/CMakeCXXCompilerABI.cpp.obj] ==> ignore
    arg [-lstdc++] ==> lib [stdc++]
    arg [-lm] ==> lib [m]
    arg [-lgcc] ==> lib [gcc]
    arg [-lc] ==> lib [c]
    arg [-lnosys] ==> lib [nosys]
    arg [-lc] ==> lib [c]
    arg [-lgcc] ==> lib [gcc]
    arg [--start-group] ==> ignore
    arg [-lgcc] ==> lib [gcc]
    arg [-lc] ==> lib [c]
    arg [-lnosys] ==> lib [nosys]
    arg [--end-group] ==> ignore
  collapse library dir [/home/pavelmatskevichiosifovich/.espressif/tools/riscv32-esp-elf/esp-14.2.0_20241119/riscv32-esp-elf/bin/../lib/gcc/riscv32-esp-elf/14.2.0/rv32imac_zicsr_zifencei/ilp32] ==> [/home/pavelmatskevichiosifovich/.espressif/tools/riscv32-esp-elf/esp-14.2.0_20241119/riscv32-esp-elf/lib/gcc/riscv32-esp-elf/14.2.0/rv32imac_zicsr_zifencei/ilp32]
  collapse library dir [/home/pavelmatskevichiosifovich/.espressif/tools/riscv32-esp-elf/esp-14.2.0_20241119/riscv32-esp-elf/bin/../lib/gcc/riscv32-esp-elf/14.2.0/../../../../riscv32-esp-elf/lib/rv32imac_zicsr_zifencei/ilp32] ==> [/home/pavelmatskevichiosifovich/.espressif/tools/riscv32-esp-elf/esp-14.2.0_20241119/riscv32-esp-elf/riscv32-esp-elf/lib/rv32imac_zicsr_zifencei/ilp32]
  collapse library dir [/home/pavelmatskevichiosifovich/.espressif/tools/riscv32-esp-elf/esp-14.2.0_20241119/riscv32-esp-elf/bin/../riscv32-esp-elf/lib/rv32imac_zicsr_zifencei/ilp32] ==> [/home/pavelmatskevichiosifovich/.espressif/tools/riscv32-esp-elf/esp-14.2.0_20241119/riscv32-esp-elf/riscv32-esp-elf/lib/rv32imac_zicsr_zifencei/ilp32]
  collapse library dir [/home/pavelmatskevichiosifovich/.espressif/tools/riscv32-esp-elf/esp-14.2.0_20241119/riscv32-esp-elf/bin/../lib/gcc/riscv32-esp-elf/14.2.0] ==> [/home/pavelmatskevichiosifovich/.espressif/tools/riscv32-esp-elf/esp-14.2.0_20241119/riscv32-esp-elf/lib/gcc/riscv32-esp-elf/14.2.0]
  collapse library dir [/home/pavelmatskevichiosifovich/.espressif/tools/riscv32-esp-elf/esp-14.2.0_20241119/riscv32-esp-elf/bin/../lib/gcc] ==> [/home/pavelmatskevichiosifovich/.espressif/tools/riscv32-esp-elf/esp-14.2.0_20241119/riscv32-esp-elf/lib/gcc]
  collapse library dir [/home/pavelmatskevichiosifovich/.espressif/tools/riscv32-esp-elf/esp-14.2.0_20241119/riscv32-esp-elf/bin/../lib/gcc/riscv32-esp-elf/14.2.0/../../../../riscv32-esp-elf/lib] ==> [/home/pavelmatskevichiosifovich/.espressif/tools/riscv32-esp-elf/esp-14.2.0_20241119/riscv32-esp-elf/riscv32-esp-elf/lib]
  collapse library dir [/home/pavelmatskevichiosifovich/.espressif/tools/riscv32-esp-elf/esp-14.2.0_20241119/riscv32-esp-elf/bin/../riscv32-esp-elf/lib] ==> [/home/pavelmatskevichiosifovich/.espressif/tools/riscv32-esp-elf/esp-14.2.0_20241119/riscv32-esp-elf/riscv32-esp-elf/lib]
  collapse library dir [/home/pavelmatskevichiosifovich/.espressif/tools/riscv32-esp-elf/esp-14.2.0_20241119/riscv32-esp-elf/bin/../riscv32-esp-elf/usr/lib] ==> [/home/pavelmatskevichiosifovich/.espressif/tools/riscv32-esp-elf/esp-14.2.0_20241119/riscv32-esp-elf/riscv32-esp-elf/usr/lib]
  implicit libs: [stdc++;m;gcc;c;nosys;c;gcc;gcc;c;nosys]
  implicit objs: []
  implicit dirs: [/home/pavelmatskevichiosifovich/.espressif/tools/riscv32-esp-elf/esp-14.2.0_20241119/riscv32-esp-elf/lib/gcc/riscv32-esp-elf/14.2.0/rv32imac_zicsr_zifencei/ilp32;/home/pavelmatskevichiosifovich/.espressif/tools/riscv32-esp-elf/esp-14.2.0_20241119/riscv32-esp-elf/riscv32-esp-elf/lib/rv32imac_zicsr_zifencei/ilp32;/home/pavelmatskevichiosifovich/.espressif/tools/riscv32-esp-elf/esp-14.2.0_20241119/riscv32-esp-elf/lib/gcc/riscv32-esp-elf/14.2.0;/home/pavelmatskevichiosifovich/.espressif/tools/riscv32-esp-elf/esp-14.2.0_20241119/riscv32-esp-elf/lib/gcc;/home/pavelmatskevichiosifovich/.espressif/tools/riscv32-esp-elf/esp-14.2.0_20241119/riscv32-esp-elf/riscv32-esp-elf/lib;/home/pavelmatskevichiosifovich/.espressif/tools/riscv32-esp-elf/esp-14.2.0_20241119/riscv32-esp-elf/riscv32-esp-elf/usr/lib]
  implicit fwks: []


